[json_rpc:debug,2023-05-15T19:22:22.692Z,ns_1@cb.local:json_rpc_connection-goxdcr-cbauth<0.665.0>:json_rpc_connection:handle_call:158]sending jsonrpc call:{[{jsonrpc,<<"2.0">>},
                       {id,0},
                       {method,<<"AuthCacheSvc.UpdateDB">>},
                       {params,
                        [{[{specialUser,<<"@goxdcr-cbauth">>},
                           {nodes,
                            [{[{host,<<"127.0.0.1">>},
                               {user,<<"@goxdcr">>},
                               {password,"*****"},
                               {ports,
                                [8091,18091,11210,11207,8092,18092,9999,9999]},
                               {local,true}]}]},
                           {tlsConfig,{[{present,false}]}},
                           {authCheckURL,<<"http://127.0.0.1:8091/_cbauth">>},
                           {permissionCheckURL,
                            <<"http://127.0.0.1:8091/_cbauth/checkPermission">>},
                           {permissionsVersion,
                            <<"r78y4pkS17SDSUQHm3np2/w4xv0=">>},
                           {authVersion,<<"JyOSKeB79qbGVIpFLl5rZdLe0N8=">>},
                           {certVersion,3888524027},
                           {extractUserFromCertURL,
                            <<"http://127.0.0.1:8091/_cbauth/extractUserFromCert">>},
                           {clientCertAuthState,<<"disable">>},
                           {clientCertAuthVersion,
                            <<"cAN8XSFAtQ98DdNbAKta8iJSRpw=">>},
                           {clusterEncryptionConfig,
                            {[{encryptData,false},
                              {disableNonSSLPorts,false}]}}]}]}]}
[json_rpc:debug,2023-05-15T19:22:22.694Z,ns_1@cb.local:json_rpc_connection-goxdcr-cbauth<0.665.0>:json_rpc_connection:handle_info:94]got response: [{<<"id">>,0},{<<"result">>,true},{<<"error">>,null}]
[json_rpc:debug,2023-05-15T19:22:29.207Z,ns_1@cb.local:json_rpc_connection-goxdcr-cbauth<0.665.0>:json_rpc_connection:handle_call:158]sending jsonrpc call:{[{jsonrpc,<<"2.0">>},
                       {id,1},
                       {method,<<"AuthCacheSvc.UpdateDB">>},
                       {params,
                        [{[{specialUser,<<"@goxdcr-cbauth">>},
                           {nodes,
                            [{[{host,<<"127.0.0.1">>},
                               {user,<<"@goxdcr">>},
                               {password,"*****"},
                               {ports,
                                [8091,18091,11210,11207,8092,18092,9999,9999]},
                               {local,true}]}]},
                           {tlsConfig,{[{present,false}]}},
                           {authCheckURL,<<"http://127.0.0.1:8091/_cbauth">>},
                           {permissionCheckURL,
                            <<"http://127.0.0.1:8091/_cbauth/checkPermission">>},
                           {permissionsVersion,
                            <<"r78y4pkS17SDSUQHm3np2/w4xv0=">>},
                           {authVersion,<<"AVip9vkvM59UIYDJ77u3YkqLETw=">>},
                           {certVersion,3888524027},
                           {extractUserFromCertURL,
                            <<"http://127.0.0.1:8091/_cbauth/extractUserFromCert">>},
                           {clientCertAuthState,<<"disable">>},
                           {clientCertAuthVersion,
                            <<"cAN8XSFAtQ98DdNbAKta8iJSRpw=">>},
                           {clusterEncryptionConfig,
                            {[{encryptData,false},
                              {disableNonSSLPorts,false}]}}]}]}]}
[json_rpc:debug,2023-05-15T19:22:29.208Z,ns_1@cb.local:json_rpc_connection-goxdcr-cbauth<0.665.0>:json_rpc_connection:handle_info:94]got response: [{<<"id">>,1},{<<"result">>,true},{<<"error">>,null}]
[json_rpc:debug,2023-05-15T19:22:29.414Z,ns_1@cb.local:json_rpc_connection-projector-cbauth<0.841.0>:json_rpc_connection:handle_call:158]sending jsonrpc call:{[{jsonrpc,<<"2.0">>},
                       {id,0},
                       {method,<<"AuthCacheSvc.UpdateDB">>},
                       {params,
                        [{[{specialUser,<<"@projector-cbauth">>},
                           {nodes,
                            [{[{host,<<"127.0.0.1">>},
                               {user,<<"@projector">>},
                               {password,"*****"},
                               {ports,
                                [8091,18091,11210,11207,8092,18092,9999,9999]},
                               {local,true}]}]},
                           {tlsConfig,
                            {[{present,true},
                              {minTLSVersion,tlsv1},
                              {cipherOrder,true},
                              {ciphers,
                               [49196,49195,49200,49199,49162,49172,53,47]},
                              {cipherNames,
                               [<<"TLS_ECDHE_ECDSA_WITH_AES_256_GCM_SHA384">>,
                                <<"TLS_ECDHE_ECDSA_WITH_AES_128_GCM_SHA256">>,
                                <<"TLS_ECDHE_RSA_WITH_AES_256_GCM_SHA384">>,
                                <<"TLS_ECDHE_RSA_WITH_AES_128_GCM_SHA256">>,
                                <<"TLS_ECDHE_ECDSA_WITH_AES_256_CBC_SHA">>,
                                <<"TLS_ECDHE_RSA_WITH_AES_256_CBC_SHA">>,
                                <<"TLS_RSA_WITH_AES_256_CBC_SHA">>,
                                <<"TLS_RSA_WITH_AES_128_CBC_SHA">>]},
                              {cipherOpenSSLNames,
                               [<<"ECDHE-ECDSA-AES256-GCM-SHA384">>,
                                <<"ECDHE-ECDSA-AES128-GCM-SHA256">>,
                                <<"ECDHE-RSA-AES256-GCM-SHA384">>,
                                <<"ECDHE-RSA-AES128-GCM-SHA256">>,
                                <<"ECDHE-ECDSA-AES256-SHA">>,
                                <<"ECDHE-RSA-AES256-SHA">>,<<"AES256-SHA">>,
                                <<"AES128-SHA">>]}]}},
                           {authCheckURL,<<"http://127.0.0.1:8091/_cbauth">>},
                           {permissionCheckURL,
                            <<"http://127.0.0.1:8091/_cbauth/checkPermission">>},
                           {permissionsVersion,
                            <<"r78y4pkS17SDSUQHm3np2/w4xv0=">>},
                           {authVersion,<<"AVip9vkvM59UIYDJ77u3YkqLETw=">>},
                           {certVersion,3888524027},
                           {extractUserFromCertURL,
                            <<"http://127.0.0.1:8091/_cbauth/extractUserFromCert">>},
                           {clientCertAuthState,<<"disable">>},
                           {clientCertAuthVersion,
                            <<"cAN8XSFAtQ98DdNbAKta8iJSRpw=">>},
                           {clusterEncryptionConfig,
                            {[{encryptData,false},
                              {disableNonSSLPorts,false}]}}]}]}]}
[json_rpc:debug,2023-05-15T19:22:29.418Z,ns_1@cb.local:json_rpc_connection-projector-cbauth<0.841.0>:json_rpc_connection:handle_info:94]got response: [{<<"id">>,0},{<<"result">>,true},{<<"error">>,null}]
[json_rpc:debug,2023-05-24T12:22:20.865Z,ns_1@cb.local:json_rpc_connection-projector-cbauth<0.595.0>:json_rpc_connection:handle_call:158]sending jsonrpc call:{[{jsonrpc,<<"2.0">>},
                       {id,0},
                       {method,<<"AuthCacheSvc.UpdateDB">>},
                       {params,
                        [{[{specialUser,<<"@projector-cbauth">>},
                           {nodes,
                            [{[{host,<<"127.0.0.1">>},
                               {user,<<"@projector">>},
                               {password,"*****"},
                               {ports,
                                [8091,18091,11210,11207,8092,18092,9999,9999]},
                               {local,true}]}]},
                           {tlsConfig,
                            {[{present,true},
                              {minTLSVersion,tlsv1},
                              {cipherOrder,true},
                              {ciphers,
                               [49196,49195,49200,49199,49162,49172,53,47]},
                              {cipherNames,
                               [<<"TLS_ECDHE_ECDSA_WITH_AES_256_GCM_SHA384">>,
                                <<"TLS_ECDHE_ECDSA_WITH_AES_128_GCM_SHA256">>,
                                <<"TLS_ECDHE_RSA_WITH_AES_256_GCM_SHA384">>,
                                <<"TLS_ECDHE_RSA_WITH_AES_128_GCM_SHA256">>,
                                <<"TLS_ECDHE_ECDSA_WITH_AES_256_CBC_SHA">>,
                                <<"TLS_ECDHE_RSA_WITH_AES_256_CBC_SHA">>,
                                <<"TLS_RSA_WITH_AES_256_CBC_SHA">>,
                                <<"TLS_RSA_WITH_AES_128_CBC_SHA">>]},
                              {cipherOpenSSLNames,
                               [<<"ECDHE-ECDSA-AES256-GCM-SHA384">>,
                                <<"ECDHE-ECDSA-AES128-GCM-SHA256">>,
                                <<"ECDHE-RSA-AES256-GCM-SHA384">>,
                                <<"ECDHE-RSA-AES128-GCM-SHA256">>,
                                <<"ECDHE-ECDSA-AES256-SHA">>,
                                <<"ECDHE-RSA-AES256-SHA">>,<<"AES256-SHA">>,
                                <<"AES128-SHA">>]}]}},
                           {authCheckURL,<<"http://127.0.0.1:8091/_cbauth">>},
                           {permissionCheckURL,
                            <<"http://127.0.0.1:8091/_cbauth/checkPermission">>},
                           {permissionsVersion,
                            <<"/V+5aQjEEbSC5tefAJ3nCuTRPcg=">>},
                           {authVersion,<<"sidPjYcPuZbu0x/qVqz7KW0RX94=">>},
                           {certVersion,3529139503},
                           {extractUserFromCertURL,
                            <<"http://127.0.0.1:8091/_cbauth/extractUserFromCert">>},
                           {clientCertAuthState,<<"disable">>},
                           {clientCertAuthVersion,
                            <<"cAN8XSFAtQ98DdNbAKta8iJSRpw=">>},
                           {clusterEncryptionConfig,
                            {[{encryptData,false},
                              {disableNonSSLPorts,false}]}}]}]}]}
[json_rpc:debug,2023-05-24T12:22:20.866Z,ns_1@cb.local:json_rpc_connection-projector-cbauth<0.595.0>:json_rpc_connection:handle_info:94]got response: [{<<"id">>,0},{<<"result">>,true},{<<"error">>,null}]
[json_rpc:debug,2023-05-24T12:22:20.866Z,ns_1@cb.local:json_rpc_connection-goxdcr-cbauth<0.596.0>:json_rpc_connection:handle_call:158]sending jsonrpc call:{[{jsonrpc,<<"2.0">>},
                       {id,0},
                       {method,<<"AuthCacheSvc.UpdateDB">>},
                       {params,
                        [{[{specialUser,<<"@goxdcr-cbauth">>},
                           {nodes,
                            [{[{host,<<"127.0.0.1">>},
                               {user,<<"@goxdcr">>},
                               {password,"*****"},
                               {ports,
                                [8091,18091,11210,11207,8092,18092,9999,9999]},
                               {local,true}]}]},
                           {tlsConfig,{[{present,false}]}},
                           {authCheckURL,<<"http://127.0.0.1:8091/_cbauth">>},
                           {permissionCheckURL,
                            <<"http://127.0.0.1:8091/_cbauth/checkPermission">>},
                           {permissionsVersion,
                            <<"/V+5aQjEEbSC5tefAJ3nCuTRPcg=">>},
                           {authVersion,<<"sidPjYcPuZbu0x/qVqz7KW0RX94=">>},
                           {certVersion,3529139503},
                           {extractUserFromCertURL,
                            <<"http://127.0.0.1:8091/_cbauth/extractUserFromCert">>},
                           {clientCertAuthState,<<"disable">>},
                           {clientCertAuthVersion,
                            <<"cAN8XSFAtQ98DdNbAKta8iJSRpw=">>},
                           {clusterEncryptionConfig,
                            {[{encryptData,false},
                              {disableNonSSLPorts,false}]}}]}]}]}
[json_rpc:debug,2023-05-24T12:22:20.867Z,ns_1@cb.local:json_rpc_connection-goxdcr-cbauth<0.596.0>:json_rpc_connection:handle_info:94]got response: [{<<"id">>,0},{<<"result">>,true},{<<"error">>,null}]
[json_rpc:debug,2023-05-27T08:32:48.783Z,ns_1@cb.local:json_rpc_connection-projector-cbauth<0.594.0>:json_rpc_connection:handle_call:158]sending jsonrpc call:{[{jsonrpc,<<"2.0">>},
                       {id,0},
                       {method,<<"AuthCacheSvc.UpdateDB">>},
                       {params,
                        [{[{specialUser,<<"@projector-cbauth">>},
                           {nodes,
                            [{[{host,<<"127.0.0.1">>},
                               {user,<<"@projector">>},
                               {password,"*****"},
                               {ports,
                                [8091,18091,11210,11207,8092,18092,9999,9999]},
                               {local,true}]}]},
                           {tlsConfig,
                            {[{present,true},
                              {minTLSVersion,tlsv1},
                              {cipherOrder,true},
                              {ciphers,
                               [49196,49195,49200,49199,49162,49172,53,47]},
                              {cipherNames,
                               [<<"TLS_ECDHE_ECDSA_WITH_AES_256_GCM_SHA384">>,
                                <<"TLS_ECDHE_ECDSA_WITH_AES_128_GCM_SHA256">>,
                                <<"TLS_ECDHE_RSA_WITH_AES_256_GCM_SHA384">>,
                                <<"TLS_ECDHE_RSA_WITH_AES_128_GCM_SHA256">>,
                                <<"TLS_ECDHE_ECDSA_WITH_AES_256_CBC_SHA">>,
                                <<"TLS_ECDHE_RSA_WITH_AES_256_CBC_SHA">>,
                                <<"TLS_RSA_WITH_AES_256_CBC_SHA">>,
                                <<"TLS_RSA_WITH_AES_128_CBC_SHA">>]},
                              {cipherOpenSSLNames,
                               [<<"ECDHE-ECDSA-AES256-GCM-SHA384">>,
                                <<"ECDHE-ECDSA-AES128-GCM-SHA256">>,
                                <<"ECDHE-RSA-AES256-GCM-SHA384">>,
                                <<"ECDHE-RSA-AES128-GCM-SHA256">>,
                                <<"ECDHE-ECDSA-AES256-SHA">>,
                                <<"ECDHE-RSA-AES256-SHA">>,<<"AES256-SHA">>,
                                <<"AES128-SHA">>]}]}},
                           {authCheckURL,<<"http://127.0.0.1:8091/_cbauth">>},
                           {permissionCheckURL,
                            <<"http://127.0.0.1:8091/_cbauth/checkPermission">>},
                           {permissionsVersion,
                            <<"lwZmqH++oKdHq5Mlu3RySFxIyxo=">>},
                           {authVersion,<<"Lg6Cfclj3IbdUCtxx4qOwjnltGw=">>},
                           {certVersion,2896454198},
                           {extractUserFromCertURL,
                            <<"http://127.0.0.1:8091/_cbauth/extractUserFromCert">>},
                           {clientCertAuthState,<<"disable">>},
                           {clientCertAuthVersion,
                            <<"cAN8XSFAtQ98DdNbAKta8iJSRpw=">>},
                           {clusterEncryptionConfig,
                            {[{encryptData,false},
                              {disableNonSSLPorts,false}]}}]}]}]}
[json_rpc:debug,2023-05-27T08:32:48.784Z,ns_1@cb.local:json_rpc_connection-projector-cbauth<0.594.0>:json_rpc_connection:handle_info:94]got response: [{<<"id">>,0},{<<"result">>,true},{<<"error">>,null}]
[json_rpc:debug,2023-05-27T08:32:48.784Z,ns_1@cb.local:json_rpc_connection-goxdcr-cbauth<0.596.0>:json_rpc_connection:handle_call:158]sending jsonrpc call:{[{jsonrpc,<<"2.0">>},
                       {id,0},
                       {method,<<"AuthCacheSvc.UpdateDB">>},
                       {params,
                        [{[{specialUser,<<"@goxdcr-cbauth">>},
                           {nodes,
                            [{[{host,<<"127.0.0.1">>},
                               {user,<<"@goxdcr">>},
                               {password,"*****"},
                               {ports,
                                [8091,18091,11210,11207,8092,18092,9999,9999]},
                               {local,true}]}]},
                           {tlsConfig,{[{present,false}]}},
                           {authCheckURL,<<"http://127.0.0.1:8091/_cbauth">>},
                           {permissionCheckURL,
                            <<"http://127.0.0.1:8091/_cbauth/checkPermission">>},
                           {permissionsVersion,
                            <<"lwZmqH++oKdHq5Mlu3RySFxIyxo=">>},
                           {authVersion,<<"Lg6Cfclj3IbdUCtxx4qOwjnltGw=">>},
                           {certVersion,2896454198},
                           {extractUserFromCertURL,
                            <<"http://127.0.0.1:8091/_cbauth/extractUserFromCert">>},
                           {clientCertAuthState,<<"disable">>},
                           {clientCertAuthVersion,
                            <<"cAN8XSFAtQ98DdNbAKta8iJSRpw=">>},
                           {clusterEncryptionConfig,
                            {[{encryptData,false},
                              {disableNonSSLPorts,false}]}}]}]}]}
[json_rpc:debug,2023-05-27T08:32:48.785Z,ns_1@cb.local:json_rpc_connection-goxdcr-cbauth<0.596.0>:json_rpc_connection:handle_info:94]got response: [{<<"id">>,0},{<<"result">>,true},{<<"error">>,null}]
