2023-05-15T19:22:29.430+00:00 [Info] Projector started with command line: [/opt/couchbase/bin/projector --httpsPort=9999 --certFile=/opt/couchbase/var/lib/couchbase/config/memcached-cert.pem --keyFile=/opt/couchbase/var/lib/couchbase/config/memcached-key.pem -kvaddrs=127.0.0.1:11210 -adminport=:9999 -diagDir=/opt/couchbase/var/lib/couchbase/crash -ipv6=false 127.0.0.1:8091]
2023-05-15T19:22:29.430+00:00 [Info] Parsing the args
2023-05-15T19:22:29.433+00:00 [Info] uid: 1000; gid: 1000; hostname: 622a3a608df9
2023-05-15T19:22:29.433+00:00 [Info] amd64 linux; cpus: 12; GOMAXPROCS: 12; version: go1.11.6
2023-05-15T19:22:29.438+00:00 [Info] StatsManager: Stats logging interval set to: 60 seconds
2023-05-15T19:22:29.438+00:00 [Info] StatsManager: vbseqnos logging interval set to: 300 seconds
2023-05-15T19:22:29.438+00:00 [Info] StatsManager: eval stats logging interval set to: 300 seconds
2023-05-15T19:22:29.439+00:00 [Info] Projector CPU set at 400
2023-05-15T19:22:29.440+00:00 [Info]  changing GOGC percentage from 100 to 100
2023-05-15T19:22:29.441+00:00 [Info]  memcachedTimeout set to 120
2023-05-15T19:22:29.441+00:00 [Info] amd64 linux; cpus: 12; GOMAXPROCS: 4; version: go1.11.6
2023-05-15T19:22:29.470+00:00 [Info] Recieve security change notification. code 3
2023-05-15T19:22:29.470+00:00 [Info] TLS config refreshed successfully
2023-05-15T19:22:29.484+00:00 [Info] Certificate refreshed successfully
2023-05-15T19:22:29.484+00:00 [Info] Encryption config refresh successfully.   Encryption enabled=false
2023-05-15T19:22:29.484+00:00 [Info] security context:  encryptLocalHost true Local IP's: map[172.21.0.2:true 127.0.0.1:true]
2023-05-15T19:22:29.497+00:00 [Info] security context initialized
2023-05-15T19:22:29.497+00:00 [Info] security port mapping updated : map[9105:9105 9999:9999 9100:9100 9101:9101 9102:19102 9104:9104 11210:11207 8093:18093 9103:9103]
2023-05-15T19:22:29.497+00:00 [Info] PROJ[:9999] changing GOGC percentage from 100 to 100
2023-05-15T19:22:29.497+00:00 [Info] PROJ[:9999] started ...
2023-05-15T19:22:29.498+00:00 [Info] MSAT starting with 60000 tick ...
2023-05-15T19:22:29.498+00:00 [Info] pram[:9999] registered /adminport/vbmapRequest
2023-05-15T19:22:29.498+00:00 [Info] pram[:9999] registered /adminport/failoverLogRequest
2023-05-15T19:22:29.498+00:00 [Info] pram[:9999] registered /adminport/mutationTopicRequest
2023-05-15T19:22:29.498+00:00 [Info] pram[:9999] registered /adminport/restartVbucketsRequest
2023-05-15T19:22:29.498+00:00 [Info] pram[:9999] registered /adminport/shutdownVbucketsRequest
2023-05-15T19:22:29.498+00:00 [Info] pram[:9999] registered /adminport/addBucketsRequest
2023-05-15T19:22:29.498+00:00 [Info] pram[:9999] registered /adminport/delBucketsRequest
2023-05-15T19:22:29.498+00:00 [Info] pram[:9999] registered /adminport/addInstancesRequest
2023-05-15T19:22:29.498+00:00 [Info] pram[:9999] registered /adminport/delInstancesRequest
2023-05-15T19:22:29.498+00:00 [Info] pram[:9999] registered /adminport/repairEndpointsRequest
2023-05-15T19:22:29.498+00:00 [Info] pram[:9999] registered /adminport/shutdownTopicRequest
2023-05-15T19:22:29.498+00:00 [Info] pram[:9999] registered /adminport/stats
2023-05-15T19:22:29.498+00:00 [Info] pram[:9999] registered handler-func /stats
2023-05-15T19:22:29.498+00:00 [Info] pram[:9999] registered handler-func /settings
2023-05-15T19:22:29.498+00:00 [Info] pram[:9999] registered handler-func /debug/pprof
2023-05-15T19:22:29.498+00:00 [Info] pram[:9999] registered handler-func /debug/pprof/block
2023-05-15T19:22:29.498+00:00 [Info] pram[:9999] registered handler-func /debug/pprof/goroutine
2023-05-15T19:22:29.498+00:00 [Info] pram[:9999] registered handler-func /debug/pprof/heap
2023-05-15T19:22:29.498+00:00 [Info] pram[:9999] registered handler-func /debug/pprof/threadcreate
2023-05-15T19:22:29.498+00:00 [Info] pram[:9999] registered handler-func /debug/pprof/profile
2023-05-15T19:22:29.498+00:00 [Info] pram[:9999] starting ...
2023-05-15T19:22:29.500+00:00 [Info] New settings received: 
{"indexer.settings.compaction.days_of_week":"Sunday,Monday,Tuesday,Wednesday,Thursday,Friday,Saturday","indexer.settings.compaction.interval":"00:00,00:00","indexer.settings.compaction.compaction_mode":"circular","indexer.settings.log_level":"info","indexer.settings.persisted_snapshot.interval":5000,"indexer.settings.compaction.min_frag":30,"indexer.settings.inmemory_snapshot.interval":200,"indexer.settings.max_cpu_percent":0,"indexer.settings.storage_mode":"","indexer.settings.recovery.max_rollbacks":2,"indexer.settings.memory_quota":536870912,"indexer.settings.compaction.abort_exceed_interval":false}
2023-05-15T19:22:29.501+00:00 [Info] PROJ[:9999] settings notifier from metakv
2023-05-15T19:22:29.501+00:00 [Info] PROJ[:9999] settings indexer.settings.fast_flush_mode will updated to `true`
2023-05-15T19:22:29.501+00:00 [Info] PROJ[:9999] settings indexer.settings.scan_getseqnos_retries will updated to `30`
2023-05-15T19:22:29.501+00:00 [Info] PROJ[:9999] settings indexer.settings.persisted_snapshot_init_build.moi.interval will updated to `600000`
2023-05-15T19:22:29.501+00:00 [Info] PROJ[:9999] settings indexer.settings.compaction.plasma.optional.decrement will updated to `5`
2023-05-15T19:22:29.501+00:00 [Warn] PROJ[:9999] immutable settings queryport.client.settings.minPoolSizeWM cannot be update to `1000`
2023-05-15T19:22:29.501+00:00 [Info] PROJ[:9999] settings indexer.settings.persisted_snapshot_init_build.fdb.interval will updated to `5000`
2023-05-15T19:22:29.501+00:00 [Warn] PROJ[:9999] immutable settings queryport.client.settings.poolSize cannot be update to `5000`
2023-05-15T19:22:29.501+00:00 [Info] PROJ[:9999] settings indexer.settings.allow_large_keys will updated to `true`
2023-05-15T19:22:29.501+00:00 [Warn] PROJ[:9999] immutable settings queryport.client.settings.poolOverflow cannot be update to `30`
2023-05-15T19:22:29.501+00:00 [Info] PROJ[:9999] settings indexer.settings.max_cpu_percent will updated to `0`
2023-05-15T19:22:29.501+00:00 [Info] PROJ[:9999] settings indexer.settings.smallSnapshotThreshold will updated to `30`
2023-05-15T19:22:29.501+00:00 [Info] PROJ[:9999] settings indexer.settings.bufferPoolBlockSize will updated to `16384`
2023-05-15T19:22:29.501+00:00 [Info] PROJ[:9999] settings indexer.settings.wal_size will updated to `4096`
2023-05-15T19:22:29.501+00:00 [Info] PROJ[:9999] settings indexer.settings.persisted_snapshot.fdb.interval will updated to `5000`
2023-05-15T19:22:29.501+00:00 [Info] PROJ[:9999] settings indexer.settings.compaction.abort_exceed_interval will updated to `false`
2023-05-15T19:22:29.501+00:00 [Info] PROJ[:9999] settings indexer.settings.cpuProfile will updated to `false`
2023-05-15T19:22:29.501+00:00 [Info] PROJ[:9999] settings indexer.settings.gc_percent will updated to `100`
2023-05-15T19:22:29.501+00:00 [Warn] PROJ[:9999] immutable settings indexer.settings.scan_timeout cannot be update to `120000`
2023-05-15T19:22:29.501+00:00 [Info] PROJ[:9999] settings indexer.settings.compaction.check_period will updated to `30`
2023-05-15T19:22:29.501+00:00 [Info] PROJ[:9999] settings indexer.settings.compaction.plasma.optional.min_frag will updated to `20`
2023-05-15T19:22:29.501+00:00 [Info] PROJ[:9999] settings indexer.settings.largeSnapshotThreshold will updated to `200`
2023-05-15T19:22:29.501+00:00 [Info] PROJ[:9999] settings indexer.settings.compaction.plasma.optional.quota will updated to `25`
2023-05-15T19:22:29.501+00:00 [Info] PROJ[:9999] settings indexer.settings.compaction.compaction_mode will updated to `circular`
2023-05-15T19:22:29.501+00:00 [Info] PROJ[:9999] settings indexer.settings.num_replica will updated to `0`
2023-05-15T19:22:29.501+00:00 [Info] PROJ[:9999] settings indexer.settings.persisted_snapshot.interval will updated to `5000`
2023-05-15T19:22:29.501+00:00 [Info] PROJ[:9999] settings indexer.settings.inmemory_snapshot.moi.interval will updated to `10`
2023-05-15T19:22:29.501+00:00 [Info] PROJ[:9999] settings indexer.settings.compaction.min_size will updated to `524288000`
2023-05-15T19:22:29.501+00:00 [Info] PROJ[:9999] settings indexer.settings.persisted_snapshot_init_build.interval will updated to `5000`
2023-05-15T19:22:29.501+00:00 [Info] PROJ[:9999] settings indexer.settings.persisted_snapshot.moi.interval will updated to `600000`
2023-05-15T19:22:29.501+00:00 [Info] PROJ[:9999] settings indexer.settings.moi.persistence_threads will updated to `6`
2023-05-15T19:22:29.501+00:00 [Info] PROJ[:9999] settings indexer.settings.cpuProfFname will updated to ``
2023-05-15T19:22:29.501+00:00 [Info] PROJ[:9999] settings indexer.settings.storage_mode.disable_upgrade will updated to `false`
2023-05-15T19:22:29.501+00:00 [Info] PROJ[:9999] settings indexer.settings.compaction.min_frag will updated to `30`
2023-05-15T19:22:29.501+00:00 [Info] PROJ[:9999] settings projector.settings.log_level will updated to `info`
2023-05-15T19:22:29.501+00:00 [Warn] PROJ[:9999] immutable settings queryport.client.settings.relConnBatchSize cannot be update to `100`
2023-05-15T19:22:29.501+00:00 [Info] PROJ[:9999] settings indexer.settings.memory_quota will updated to `536870912`
2023-05-15T19:22:29.501+00:00 [Info] PROJ[:9999] settings indexer.settings.log_level will updated to `info`
2023-05-15T19:22:29.501+00:00 [Info] PROJ[:9999] settings indexer.settings.inmemory_snapshot.fdb.interval will updated to `200`
2023-05-15T19:22:29.501+00:00 [Info] PROJ[:9999] settings indexer.settings.compaction.interval will updated to `00:00,00:00`
2023-05-15T19:22:29.501+00:00 [Info] PROJ[:9999] settings indexer.settings.compaction.plasma.manual will updated to `false`
2023-05-15T19:22:29.501+00:00 [Info] PROJ[:9999] settings indexer.settings.build.batch_size will updated to `5`
2023-05-15T19:22:29.501+00:00 [Info] PROJ[:9999] settings indexer.settings.recovery.max_rollbacks will updated to `2`
2023-05-15T19:22:29.501+00:00 [Info] PROJ[:9999] settings indexer.settings.max_array_seckey_size will updated to `10240`
2023-05-15T19:22:29.501+00:00 [Info] PROJ[:9999] settings indexer.settings.max_writer_lock_prob will updated to `20`
2023-05-15T19:22:29.501+00:00 [Info] PROJ[:9999] settings indexer.settings.minVbQueueLength will updated to `250`
2023-05-15T19:22:29.501+00:00 [Info] PROJ[:9999] settings indexer.settings.storage_mode will updated to ``
2023-05-15T19:22:29.501+00:00 [Info] PROJ[:9999] settings indexer.settings.moi.recovery.max_rollbacks will updated to `2`
2023-05-15T19:22:29.501+00:00 [Info] PROJ[:9999] settings indexer.settings.memProfile will updated to `false`
2023-05-15T19:22:29.501+00:00 [Info] PROJ[:9999] settings indexer.settings.sliceBufSize will updated to `50000`
2023-05-15T19:22:29.501+00:00 [Info] PROJ[:9999] settings indexer.settings.plasma.recovery.max_rollbacks will updated to `2`
2023-05-15T19:22:29.501+00:00 [Info] PROJ[:9999] settings indexer.settings.corrupt_index_num_backups will updated to `1`
2023-05-15T19:22:29.501+00:00 [Info] PROJ[:9999] settings indexer.settings.maxVbQueueLength will updated to `0`
2023-05-15T19:22:29.501+00:00 [Info] PROJ[:9999] settings indexer.settings.enable_corrupt_index_backup will updated to `false`
2023-05-15T19:22:29.501+00:00 [Info] PROJ[:9999] settings indexer.settings.moi.recovery_threads will updated to `12`
2023-05-15T19:22:29.501+00:00 [Info] PROJ[:9999] settings indexer.settings.moi.debug will updated to `false`
2023-05-15T19:22:29.501+00:00 [Info] PROJ[:9999] settings indexer.settings.compaction.days_of_week will updated to `Sunday,Monday,Tuesday,Wednesday,Thursday,Friday,Saturday`
2023-05-15T19:22:29.501+00:00 [Warn] PROJ[:9999] immutable settings indexer.settings.send_buffer_size cannot be update to `1024`
2023-05-15T19:22:29.501+00:00 [Info] PROJ[:9999] settings queryport.client.settings.backfillLimit will updated to `5120`
2023-05-15T19:22:29.501+00:00 [Info] PROJ[:9999] settings indexer.settings.memProfFname will updated to ``
2023-05-15T19:22:29.501+00:00 [Info] PROJ[:9999] settings indexer.settings.inmemory_snapshot.interval will updated to `200`
2023-05-15T19:22:29.501+00:00 [Info] PROJ[:9999] settings indexer.settings.max_seckey_size will updated to `4608`
2023-05-15T19:22:29.501+00:00 [Info] PROJ[:9999] settings indexer.settings.statsLogDumpInterval will updated to `60`
2023-05-15T19:22:29.501+00:00 [Info] amd64 linux; cpus: 12; GOMAXPROCS: 4; version: go1.11.6
2023-05-15T19:23:29.501+00:00 [Info] memstats {"Alloc":2693288, "TotalAlloc":3152560, "Sys":72218872, "Lookups":0, "Mallocs":6912,"Frees":2172, "HeapAlloc":2693288, "HeapSys":66256896, "HeapIdle":62283776, "HeapInuse":3973120,"HeapReleased":0, "HeapObjects":4740,"GCSys":2306048, "LastGC":1684178549470943218,"PauseTotalNs":477645, "PauseNs":[477645], "NumGC":1}
2023-05-15T19:24:29.504+00:00 [Info] memstats {"Alloc":2695792, "TotalAlloc":3155064, "Sys":72218872, "Lookups":0, "Mallocs":6941,"Frees":2180, "HeapAlloc":2695792, "HeapSys":66256896, "HeapIdle":62283776, "HeapInuse":3973120,"HeapReleased":0, "HeapObjects":4761,"GCSys":2338816, "LastGC":1684178669504222318,"PauseTotalNs":771587, "PauseNs":[293942], "NumGC":2}
2023-05-15T19:25:29.500+00:00 [Info] memstats {"Alloc":2416400, "TotalAlloc":3157640, "Sys":72284408, "Lookups":0, "Mallocs":6970,"Frees":4036, "HeapAlloc":2416400, "HeapSys":66289664, "HeapIdle":62676992, "HeapInuse":3612672,"HeapReleased":0, "HeapObjects":2934,"GCSys":2371584, "LastGC":1684178669504222318,"PauseTotalNs":771587, "PauseNs":[], "NumGC":2}
2023-05-15T19:26:29.500+00:00 [Info] memstats {"Alloc":2418440, "TotalAlloc":3159680, "Sys":72284408, "Lookups":0, "Mallocs":6995,"Frees":4043, "HeapAlloc":2418440, "HeapSys":66289664, "HeapIdle":62676992, "HeapInuse":3612672,"HeapReleased":0, "HeapObjects":2952,"GCSys":2371584, "LastGC":1684178669504222318,"PauseTotalNs":771587, "PauseNs":[], "NumGC":2}
2023-05-15T19:27:29.499+00:00 [Info] memstats {"Alloc":2413832, "TotalAlloc":3160568, "Sys":72284408, "Lookups":0, "Mallocs":7015,"Frees":4101, "HeapAlloc":2413832, "HeapSys":66289664, "HeapIdle":62717952, "HeapInuse":3571712,"HeapReleased":62029824, "HeapObjects":2914,"GCSys":2371584, "LastGC":1684178799441100628,"PauseTotalNs":1176230, "PauseNs":[404643], "NumGC":3}
2023-05-15T19:28:29.499+00:00 [Info] memstats {"Alloc":2416520, "TotalAlloc":3163256, "Sys":72284408, "Lookups":0, "Mallocs":7046,"Frees":4109, "HeapAlloc":2416520, "HeapSys":66289664, "HeapIdle":62701568, "HeapInuse":3588096,"HeapReleased":62029824, "HeapObjects":2937,"GCSys":2371584, "LastGC":1684178799441100628,"PauseTotalNs":1176230, "PauseNs":[], "NumGC":3}
2023-05-15T19:29:29.499+00:00 [Info] memstats {"Alloc":2413960, "TotalAlloc":3164176, "Sys":72284408, "Lookups":0, "Mallocs":7068,"Frees":4152, "HeapAlloc":2413960, "HeapSys":66289664, "HeapIdle":62717952, "HeapInuse":3571712,"HeapReleased":62029824, "HeapObjects":2916,"GCSys":2371584, "LastGC":1684178919444407079,"PauseTotalNs":1591460, "PauseNs":[415230], "NumGC":4}
2023-05-15T19:30:29.498+00:00 [Info] memstats {"Alloc":2416552, "TotalAlloc":3166768, "Sys":72284408, "Lookups":0, "Mallocs":7098,"Frees":4160, "HeapAlloc":2416552, "HeapSys":66289664, "HeapIdle":62701568, "HeapInuse":3588096,"HeapReleased":62603264, "HeapObjects":2938,"GCSys":2371584, "LastGC":1684178919444407079,"PauseTotalNs":1591460, "PauseNs":[], "NumGC":4}
2023-05-15T19:31:29.466+00:00 [Info] memstats {"Alloc":2413944, "TotalAlloc":3167656, "Sys":72284408, "Lookups":0, "Mallocs":7119,"Frees":4204, "HeapAlloc":2413944, "HeapSys":66289664, "HeapIdle":62717952, "HeapInuse":3571712,"HeapReleased":62603264, "HeapObjects":2915,"GCSys":2371584, "LastGC":1684179039447705562,"PauseTotalNs":1803427, "PauseNs":[211967], "NumGC":5}
2023-05-15T19:32:29.472+00:00 [Info] memstats {"Alloc":2416728, "TotalAlloc":3170440, "Sys":72284408, "Lookups":0, "Mallocs":7151,"Frees":4212, "HeapAlloc":2416728, "HeapSys":66289664, "HeapIdle":62701568, "HeapInuse":3588096,"HeapReleased":62668800, "HeapObjects":2939,"GCSys":2371584, "LastGC":1684179039447705562,"PauseTotalNs":1803427, "PauseNs":[], "NumGC":5}
2023-05-15T19:33:29.472+00:00 [Info] memstats {"Alloc":2414136, "TotalAlloc":3172480, "Sys":72284408, "Lookups":0, "Mallocs":7177,"Frees":4260, "HeapAlloc":2414136, "HeapSys":66289664, "HeapIdle":62717952, "HeapInuse":3571712,"HeapReleased":62668800, "HeapObjects":2917,"GCSys":2371584, "LastGC":1684179159426760861,"PauseTotalNs":2100909, "PauseNs":[297482], "NumGC":6}
2023-05-15T19:34:29.471+00:00 [Info] memstats {"Alloc":2416728, "TotalAlloc":3175072, "Sys":72284408, "Lookups":0, "Mallocs":7207,"Frees":4268, "HeapAlloc":2416728, "HeapSys":66289664, "HeapIdle":62701568, "HeapInuse":3588096,"HeapReleased":62668800, "HeapObjects":2939,"GCSys":2371584, "LastGC":1684179159426760861,"PauseTotalNs":2100909, "PauseNs":[], "NumGC":6}
2023-05-15T19:35:29.470+00:00 [Info] memstats {"Alloc":2414136, "TotalAlloc":3177112, "Sys":72284408, "Lookups":0, "Mallocs":7233,"Frees":4316, "HeapAlloc":2414136, "HeapSys":66289664, "HeapIdle":62717952, "HeapInuse":3571712,"HeapReleased":62668800, "HeapObjects":2917,"GCSys":2371584, "LastGC":1684179279429205869,"PauseTotalNs":2293440, "PauseNs":[192531], "NumGC":7}
2023-05-15T19:36:29.471+00:00 [Info] memstats {"Alloc":2416728, "TotalAlloc":3179704, "Sys":72284408, "Lookups":0, "Mallocs":7263,"Frees":4324, "HeapAlloc":2416728, "HeapSys":66289664, "HeapIdle":62701568, "HeapInuse":3588096,"HeapReleased":62668800, "HeapObjects":2939,"GCSys":2371584, "LastGC":1684179279429205869,"PauseTotalNs":2293440, "PauseNs":[], "NumGC":7}
2023-05-15T19:37:29.470+00:00 [Info] memstats {"Alloc":2414136, "TotalAlloc":3181744, "Sys":72284408, "Lookups":0, "Mallocs":7289,"Frees":4372, "HeapAlloc":2414136, "HeapSys":66289664, "HeapIdle":62717952, "HeapInuse":3571712,"HeapReleased":62668800, "HeapObjects":2917,"GCSys":2371584, "LastGC":1684179399431767959,"PauseTotalNs":2618528, "PauseNs":[325088], "NumGC":8}
2023-05-15T19:38:29.471+00:00 [Info] memstats {"Alloc":2416728, "TotalAlloc":3184336, "Sys":72284408, "Lookups":0, "Mallocs":7319,"Frees":4380, "HeapAlloc":2416728, "HeapSys":66289664, "HeapIdle":62701568, "HeapInuse":3588096,"HeapReleased":62668800, "HeapObjects":2939,"GCSys":2371584, "LastGC":1684179399431767959,"PauseTotalNs":2618528, "PauseNs":[], "NumGC":8}
2023-05-15T19:39:29.470+00:00 [Info] memstats {"Alloc":2414136, "TotalAlloc":3186376, "Sys":72284408, "Lookups":0, "Mallocs":7345,"Frees":4428, "HeapAlloc":2414136, "HeapSys":66289664, "HeapIdle":62717952, "HeapInuse":3571712,"HeapReleased":62668800, "HeapObjects":2917,"GCSys":2371584, "LastGC":1684179519435277040,"PauseTotalNs":2971183, "PauseNs":[352655], "NumGC":9}
2023-05-15T19:40:29.471+00:00 [Info] memstats {"Alloc":2416728, "TotalAlloc":3188968, "Sys":72284408, "Lookups":0, "Mallocs":7375,"Frees":4436, "HeapAlloc":2416728, "HeapSys":66289664, "HeapIdle":62701568, "HeapInuse":3588096,"HeapReleased":62668800, "HeapObjects":2939,"GCSys":2371584, "LastGC":1684179519435277040,"PauseTotalNs":2971183, "PauseNs":[], "NumGC":9}
2023-05-15T19:41:29.469+00:00 [Info] memstats {"Alloc":2414136, "TotalAlloc":3189856, "Sys":72284408, "Lookups":0, "Mallocs":7396,"Frees":4479, "HeapAlloc":2414136, "HeapSys":66289664, "HeapIdle":62717952, "HeapInuse":3571712,"HeapReleased":62668800, "HeapObjects":2917,"GCSys":2371584, "LastGC":1684179639439148557,"PauseTotalNs":3330060, "PauseNs":[358877], "NumGC":10}
2023-05-15T19:42:29.468+00:00 [Info] memstats {"Alloc":2416728, "TotalAlloc":3192448, "Sys":72284408, "Lookups":0, "Mallocs":7426,"Frees":4487, "HeapAlloc":2416728, "HeapSys":66289664, "HeapIdle":62701568, "HeapInuse":3588096,"HeapReleased":62668800, "HeapObjects":2939,"GCSys":2371584, "LastGC":1684179639439148557,"PauseTotalNs":3330060, "PauseNs":[], "NumGC":10}
2023-05-15T19:43:29.468+00:00 [Info] memstats {"Alloc":2414136, "TotalAlloc":3193336, "Sys":72284408, "Lookups":0, "Mallocs":7447,"Frees":4530, "HeapAlloc":2414136, "HeapSys":66289664, "HeapIdle":62717952, "HeapInuse":3571712,"HeapReleased":62668800, "HeapObjects":2917,"GCSys":2371584, "LastGC":1684179759441058453,"PauseTotalNs":3622618, "PauseNs":[292558], "NumGC":11}
2023-05-15T19:44:29.468+00:00 [Info] memstats {"Alloc":2416728, "TotalAlloc":3195928, "Sys":72284408, "Lookups":0, "Mallocs":7477,"Frees":4538, "HeapAlloc":2416728, "HeapSys":66289664, "HeapIdle":62701568, "HeapInuse":3588096,"HeapReleased":62668800, "HeapObjects":2939,"GCSys":2371584, "LastGC":1684179759441058453,"PauseTotalNs":3622618, "PauseNs":[], "NumGC":11}
2023-05-15T19:45:29.467+00:00 [Info] memstats {"Alloc":2414136, "TotalAlloc":3196816, "Sys":72284408, "Lookups":0, "Mallocs":7498,"Frees":4581, "HeapAlloc":2414136, "HeapSys":66289664, "HeapIdle":62717952, "HeapInuse":3571712,"HeapReleased":62668800, "HeapObjects":2917,"GCSys":2371584, "LastGC":1684179879443868019,"PauseTotalNs":3959453, "PauseNs":[336835], "NumGC":12}
2023-05-15T19:46:29.467+00:00 [Info] memstats {"Alloc":2416728, "TotalAlloc":3199408, "Sys":72284408, "Lookups":0, "Mallocs":7528,"Frees":4589, "HeapAlloc":2416728, "HeapSys":66289664, "HeapIdle":62701568, "HeapInuse":3588096,"HeapReleased":62668800, "HeapObjects":2939,"GCSys":2371584, "LastGC":1684179879443868019,"PauseTotalNs":3959453, "PauseNs":[], "NumGC":12}
2023-05-15T19:47:29.467+00:00 [Info] memstats {"Alloc":2414136, "TotalAlloc":3200296, "Sys":72284408, "Lookups":0, "Mallocs":7549,"Frees":4632, "HeapAlloc":2414136, "HeapSys":66289664, "HeapIdle":62717952, "HeapInuse":3571712,"HeapReleased":62668800, "HeapObjects":2917,"GCSys":2371584, "LastGC":1684179999446468536,"PauseTotalNs":4124874, "PauseNs":[165421], "NumGC":13}
2023-05-15T19:48:29.448+00:00 [Info] memstats {"Alloc":2416728, "TotalAlloc":3202888, "Sys":72284408, "Lookups":0, "Mallocs":7579,"Frees":4640, "HeapAlloc":2416728, "HeapSys":66289664, "HeapIdle":62701568, "HeapInuse":3588096,"HeapReleased":62668800, "HeapObjects":2939,"GCSys":2371584, "LastGC":1684179999446468536,"PauseTotalNs":4124874, "PauseNs":[], "NumGC":13}
2023-05-15T19:49:29.442+00:00 [Info] memstats {"Alloc":2414200, "TotalAlloc":3204992, "Sys":72284408, "Lookups":0, "Mallocs":7606,"Frees":4688, "HeapAlloc":2414200, "HeapSys":66289664, "HeapIdle":62717952, "HeapInuse":3571712,"HeapReleased":62627840, "HeapObjects":2918,"GCSys":2371584, "LastGC":1684180119432011469,"PauseTotalNs":4465700, "PauseNs":[340826], "NumGC":14}
2023-05-15T19:50:29.442+00:00 [Info] memstats {"Alloc":2416792, "TotalAlloc":3207584, "Sys":72284408, "Lookups":0, "Mallocs":7636,"Frees":4696, "HeapAlloc":2416792, "HeapSys":66289664, "HeapIdle":62701568, "HeapInuse":3588096,"HeapReleased":62627840, "HeapObjects":2940,"GCSys":2371584, "LastGC":1684180119432011469,"PauseTotalNs":4465700, "PauseNs":[], "NumGC":14}
2023-05-15T19:51:29.441+00:00 [Info] memstats {"Alloc":2414200, "TotalAlloc":3209624, "Sys":72284408, "Lookups":0, "Mallocs":7662,"Frees":4744, "HeapAlloc":2414200, "HeapSys":66289664, "HeapIdle":62717952, "HeapInuse":3571712,"HeapReleased":62627840, "HeapObjects":2918,"GCSys":2371584, "LastGC":1684180239430016882,"PauseTotalNs":4855487, "PauseNs":[389787], "NumGC":15}
2023-05-15T19:52:29.441+00:00 [Info] memstats {"Alloc":2416792, "TotalAlloc":3212216, "Sys":72284408, "Lookups":0, "Mallocs":7692,"Frees":4752, "HeapAlloc":2416792, "HeapSys":66289664, "HeapIdle":62701568, "HeapInuse":3588096,"HeapReleased":62627840, "HeapObjects":2940,"GCSys":2371584, "LastGC":1684180239430016882,"PauseTotalNs":4855487, "PauseNs":[], "NumGC":15}
2023-05-15T19:53:29.441+00:00 [Info] memstats {"Alloc":2414200, "TotalAlloc":3213104, "Sys":72284408, "Lookups":0, "Mallocs":7713,"Frees":4795, "HeapAlloc":2414200, "HeapSys":66289664, "HeapIdle":62717952, "HeapInuse":3571712,"HeapReleased":62627840, "HeapObjects":2918,"GCSys":2371584, "LastGC":1684180359433438020,"PauseTotalNs":5329838, "PauseNs":[474351], "NumGC":16}
2023-05-15T19:54:29.440+00:00 [Info] memstats {"Alloc":2416792, "TotalAlloc":3215696, "Sys":72284408, "Lookups":0, "Mallocs":7743,"Frees":4803, "HeapAlloc":2416792, "HeapSys":66289664, "HeapIdle":62701568, "HeapInuse":3588096,"HeapReleased":62627840, "HeapObjects":2940,"GCSys":2371584, "LastGC":1684180359433438020,"PauseTotalNs":5329838, "PauseNs":[], "NumGC":16}
2023-05-15T19:55:29.441+00:00 [Info] memstats {"Alloc":2414200, "TotalAlloc":3217736, "Sys":72284408, "Lookups":0, "Mallocs":7769,"Frees":4851, "HeapAlloc":2414200, "HeapSys":66289664, "HeapIdle":62717952, "HeapInuse":3571712,"HeapReleased":62668800, "HeapObjects":2918,"GCSys":2371584, "LastGC":1684180479435765933,"PauseTotalNs":5523987, "PauseNs":[194149], "NumGC":17}
2023-05-15T19:56:29.439+00:00 [Info] memstats {"Alloc":2416792, "TotalAlloc":3220328, "Sys":72284408, "Lookups":0, "Mallocs":7799,"Frees":4859, "HeapAlloc":2416792, "HeapSys":66289664, "HeapIdle":62701568, "HeapInuse":3588096,"HeapReleased":62668800, "HeapObjects":2940,"GCSys":2371584, "LastGC":1684180479435765933,"PauseTotalNs":5523987, "PauseNs":[], "NumGC":17}
2023-05-15T19:57:29.439+00:00 [Info] memstats {"Alloc":2414200, "TotalAlloc":3221216, "Sys":72284408, "Lookups":0, "Mallocs":7820,"Frees":4902, "HeapAlloc":2414200, "HeapSys":66289664, "HeapIdle":62717952, "HeapInuse":3571712,"HeapReleased":62627840, "HeapObjects":2918,"GCSys":2371584, "LastGC":1684180599480517944,"PauseTotalNs":6266738, "PauseNs":[742751], "NumGC":18}
2023-05-15T19:58:29.438+00:00 [Info] memstats {"Alloc":2416792, "TotalAlloc":3223808, "Sys":72284408, "Lookups":0, "Mallocs":7850,"Frees":4910, "HeapAlloc":2416792, "HeapSys":66289664, "HeapIdle":62701568, "HeapInuse":3588096,"HeapReleased":62627840, "HeapObjects":2940,"GCSys":2371584, "LastGC":1684180599480517944,"PauseTotalNs":6266738, "PauseNs":[], "NumGC":18}
2023-05-15T19:59:29.438+00:00 [Info] memstats {"Alloc":2414200, "TotalAlloc":3225848, "Sys":72284408, "Lookups":0, "Mallocs":7876,"Frees":4958, "HeapAlloc":2414200, "HeapSys":66289664, "HeapIdle":62717952, "HeapInuse":3571712,"HeapReleased":62627840, "HeapObjects":2918,"GCSys":2371584, "LastGC":1684180719580668835,"PauseTotalNs":6966254, "PauseNs":[699516], "NumGC":19}
2023-05-15T20:00:29.438+00:00 [Info] memstats {"Alloc":2416792, "TotalAlloc":3228440, "Sys":72284408, "Lookups":0, "Mallocs":7906,"Frees":4966, "HeapAlloc":2416792, "HeapSys":66289664, "HeapIdle":62701568, "HeapInuse":3588096,"HeapReleased":62627840, "HeapObjects":2940,"GCSys":2371584, "LastGC":1684180719580668835,"PauseTotalNs":6966254, "PauseNs":[], "NumGC":19}
2023-05-15T20:01:29.438+00:00 [Info] memstats {"Alloc":2414200, "TotalAlloc":3230480, "Sys":72284408, "Lookups":0, "Mallocs":7932,"Frees":5014, "HeapAlloc":2414200, "HeapSys":66289664, "HeapIdle":62717952, "HeapInuse":3571712,"HeapReleased":62627840, "HeapObjects":2918,"GCSys":2371584, "LastGC":1684180839583696664,"PauseTotalNs":7557729, "PauseNs":[591475], "NumGC":20}
2023-05-15T20:02:29.438+00:00 [Info] memstats {"Alloc":2416792, "TotalAlloc":3233072, "Sys":72284408, "Lookups":0, "Mallocs":7962,"Frees":5022, "HeapAlloc":2416792, "HeapSys":66289664, "HeapIdle":62701568, "HeapInuse":3588096,"HeapReleased":62627840, "HeapObjects":2940,"GCSys":2371584, "LastGC":1684180839583696664,"PauseTotalNs":7557729, "PauseNs":[], "NumGC":20}
2023-05-15T20:03:29.437+00:00 [Info] memstats {"Alloc":2414200, "TotalAlloc":3235112, "Sys":72284408, "Lookups":0, "Mallocs":7988,"Frees":5070, "HeapAlloc":2414200, "HeapSys":66289664, "HeapIdle":62717952, "HeapInuse":3571712,"HeapReleased":62668800, "HeapObjects":2918,"GCSys":2371584, "LastGC":1684180959587742087,"PauseTotalNs":7760191, "PauseNs":[202462], "NumGC":21}
2023-05-15T20:04:29.436+00:00 [Info] memstats {"Alloc":2416792, "TotalAlloc":3237704, "Sys":72284408, "Lookups":0, "Mallocs":8018,"Frees":5078, "HeapAlloc":2416792, "HeapSys":66289664, "HeapIdle":62701568, "HeapInuse":3588096,"HeapReleased":62668800, "HeapObjects":2940,"GCSys":2371584, "LastGC":1684180959587742087,"PauseTotalNs":7760191, "PauseNs":[], "NumGC":21}
2023-05-15T20:05:29.437+00:00 [Info] memstats {"Alloc":2414200, "TotalAlloc":3238592, "Sys":72284408, "Lookups":0, "Mallocs":8039,"Frees":5121, "HeapAlloc":2414200, "HeapSys":66289664, "HeapIdle":62717952, "HeapInuse":3571712,"HeapReleased":62668800, "HeapObjects":2918,"GCSys":2371584, "LastGC":1684181079590797129,"PauseTotalNs":7941082, "PauseNs":[180891], "NumGC":22}
2023-05-15T20:06:29.436+00:00 [Info] memstats {"Alloc":2416792, "TotalAlloc":3241184, "Sys":72284408, "Lookups":0, "Mallocs":8069,"Frees":5129, "HeapAlloc":2416792, "HeapSys":66289664, "HeapIdle":62701568, "HeapInuse":3588096,"HeapReleased":62668800, "HeapObjects":2940,"GCSys":2371584, "LastGC":1684181079590797129,"PauseTotalNs":7941082, "PauseNs":[], "NumGC":22}
2023-05-15T20:07:29.434+00:00 [Info] memstats {"Alloc":2414200, "TotalAlloc":3242072, "Sys":72284408, "Lookups":0, "Mallocs":8090,"Frees":5172, "HeapAlloc":2414200, "HeapSys":66289664, "HeapIdle":62717952, "HeapInuse":3571712,"HeapReleased":62513152, "HeapObjects":2918,"GCSys":2371584, "LastGC":1684181199601422447,"PauseTotalNs":8270552, "PauseNs":[329470], "NumGC":23}
2023-05-15T20:08:29.434+00:00 [Info] memstats {"Alloc":2416888, "TotalAlloc":3244760, "Sys":72284408, "Lookups":0, "Mallocs":8121,"Frees":5180, "HeapAlloc":2416888, "HeapSys":66289664, "HeapIdle":62701568, "HeapInuse":3588096,"HeapReleased":62513152, "HeapObjects":2941,"GCSys":2371584, "LastGC":1684181199601422447,"PauseTotalNs":8270552, "PauseNs":[], "NumGC":23}
2023-05-15T20:09:29.432+00:00 [Info] memstats {"Alloc":2414296, "TotalAlloc":3245648, "Sys":72284408, "Lookups":0, "Mallocs":8142,"Frees":5223, "HeapAlloc":2414296, "HeapSys":66289664, "HeapIdle":62717952, "HeapInuse":3571712,"HeapReleased":62513152, "HeapObjects":2919,"GCSys":2371584, "LastGC":1684181329489001361,"PauseTotalNs":9141686, "PauseNs":[871134], "NumGC":24}
2023-05-15T20:10:29.432+00:00 [Info] memstats {"Alloc":2416888, "TotalAlloc":3248240, "Sys":72284408, "Lookups":0, "Mallocs":8172,"Frees":5231, "HeapAlloc":2416888, "HeapSys":66289664, "HeapIdle":62701568, "HeapInuse":3588096,"HeapReleased":62513152, "HeapObjects":2941,"GCSys":2371584, "LastGC":1684181329489001361,"PauseTotalNs":9141686, "PauseNs":[], "NumGC":24}
2023-05-15T20:11:29.432+00:00 [Info] memstats {"Alloc":2414296, "TotalAlloc":3250280, "Sys":72284408, "Lookups":0, "Mallocs":8198,"Frees":5279, "HeapAlloc":2414296, "HeapSys":66289664, "HeapIdle":62717952, "HeapInuse":3571712,"HeapReleased":62513152, "HeapObjects":2919,"GCSys":2371584, "LastGC":1684181449603153591,"PauseTotalNs":10468371, "PauseNs":[1326685], "NumGC":25}
2023-05-15T20:12:29.432+00:00 [Info] memstats {"Alloc":2416888, "TotalAlloc":3252872, "Sys":72284408, "Lookups":0, "Mallocs":8228,"Frees":5287, "HeapAlloc":2416888, "HeapSys":66289664, "HeapIdle":62701568, "HeapInuse":3588096,"HeapReleased":62513152, "HeapObjects":2941,"GCSys":2371584, "LastGC":1684181449603153591,"PauseTotalNs":10468371, "PauseNs":[], "NumGC":25}
2023-05-15T20:13:29.431+00:00 [Info] memstats {"Alloc":2414296, "TotalAlloc":3254912, "Sys":72284408, "Lookups":0, "Mallocs":8254,"Frees":5335, "HeapAlloc":2414296, "HeapSys":66289664, "HeapIdle":62717952, "HeapInuse":3571712,"HeapReleased":62513152, "HeapObjects":2919,"GCSys":2371584, "LastGC":1684181579496678924,"PauseTotalNs":10867306, "PauseNs":[398935], "NumGC":26}
2023-05-15T20:14:29.431+00:00 [Info] memstats {"Alloc":2416888, "TotalAlloc":3257504, "Sys":72284408, "Lookups":0, "Mallocs":8284,"Frees":5343, "HeapAlloc":2416888, "HeapSys":66289664, "HeapIdle":62701568, "HeapInuse":3588096,"HeapReleased":62513152, "HeapObjects":2941,"GCSys":2371584, "LastGC":1684181579496678924,"PauseTotalNs":10867306, "PauseNs":[], "NumGC":26}
2023-05-15T20:15:29.430+00:00 [Info] memstats {"Alloc":2414296, "TotalAlloc":3259544, "Sys":72284408, "Lookups":0, "Mallocs":8310,"Frees":5391, "HeapAlloc":2414296, "HeapSys":66289664, "HeapIdle":62717952, "HeapInuse":3571712,"HeapReleased":62513152, "HeapObjects":2919,"GCSys":2371584, "LastGC":1684181699606842292,"PauseTotalNs":11181624, "PauseNs":[314318], "NumGC":27}
2023-05-15T20:16:29.431+00:00 [Info] memstats {"Alloc":2417080, "TotalAlloc":3262328, "Sys":72284408, "Lookups":0, "Mallocs":8342,"Frees":5399, "HeapAlloc":2417080, "HeapSys":66289664, "HeapIdle":62701568, "HeapInuse":3588096,"HeapReleased":62513152, "HeapObjects":2943,"GCSys":2371584, "LastGC":1684181699606842292,"PauseTotalNs":11181624, "PauseNs":[], "NumGC":27}
2023-05-15T20:17:29.430+00:00 [Info] memstats {"Alloc":2414488, "TotalAlloc":3264368, "Sys":72284408, "Lookups":0, "Mallocs":8368,"Frees":5447, "HeapAlloc":2414488, "HeapSys":66289664, "HeapIdle":62717952, "HeapInuse":3571712,"HeapReleased":62513152, "HeapObjects":2921,"GCSys":2371584, "LastGC":1684181819622212101,"PauseTotalNs":11741134, "PauseNs":[559510], "NumGC":28}
2023-05-15T20:18:29.429+00:00 [Info] memstats {"Alloc":2417080, "TotalAlloc":3266960, "Sys":72284408, "Lookups":0, "Mallocs":8398,"Frees":5455, "HeapAlloc":2417080, "HeapSys":66289664, "HeapIdle":62701568, "HeapInuse":3588096,"HeapReleased":62513152, "HeapObjects":2943,"GCSys":2371584, "LastGC":1684181819622212101,"PauseTotalNs":11741134, "PauseNs":[], "NumGC":28}
2023-05-15T20:19:29.428+00:00 [Info] memstats {"Alloc":2414488, "TotalAlloc":3269000, "Sys":72284408, "Lookups":0, "Mallocs":8424,"Frees":5503, "HeapAlloc":2414488, "HeapSys":66289664, "HeapIdle":62717952, "HeapInuse":3571712,"HeapReleased":62513152, "HeapObjects":2921,"GCSys":2371584, "LastGC":1684181949503574183,"PauseTotalNs":12125041, "PauseNs":[383907], "NumGC":29}
2023-05-15T20:20:29.427+00:00 [Info] memstats {"Alloc":2417080, "TotalAlloc":3271592, "Sys":72284408, "Lookups":0, "Mallocs":8454,"Frees":5511, "HeapAlloc":2417080, "HeapSys":66289664, "HeapIdle":62701568, "HeapInuse":3588096,"HeapReleased":62578688, "HeapObjects":2943,"GCSys":2371584, "LastGC":1684181949503574183,"PauseTotalNs":12125041, "PauseNs":[], "NumGC":29}
2023-05-15T20:21:29.427+00:00 [Info] memstats {"Alloc":2414488, "TotalAlloc":3273632, "Sys":72284408, "Lookups":0, "Mallocs":8480,"Frees":5559, "HeapAlloc":2414488, "HeapSys":66289664, "HeapIdle":62717952, "HeapInuse":3571712,"HeapReleased":62578688, "HeapObjects":2921,"GCSys":2371584, "LastGC":1684182069512910358,"PauseTotalNs":12360904, "PauseNs":[235863], "NumGC":30}
2023-05-15T20:22:29.425+00:00 [Info] memstats {"Alloc":2417080, "TotalAlloc":3276224, "Sys":72284408, "Lookups":0, "Mallocs":8510,"Frees":5567, "HeapAlloc":2417080, "HeapSys":66289664, "HeapIdle":62701568, "HeapInuse":3588096,"HeapReleased":62578688, "HeapObjects":2943,"GCSys":2371584, "LastGC":1684182069512910358,"PauseTotalNs":12360904, "PauseNs":[], "NumGC":30}
2023-05-15T20:23:29.426+00:00 [Info] memstats {"Alloc":2414488, "TotalAlloc":3278264, "Sys":72284408, "Lookups":0, "Mallocs":8536,"Frees":5615, "HeapAlloc":2414488, "HeapSys":66289664, "HeapIdle":62717952, "HeapInuse":3571712,"HeapReleased":62627840, "HeapObjects":2921,"GCSys":2371584, "LastGC":1684182189515331219,"PauseTotalNs":12709802, "PauseNs":[348898], "NumGC":31}
2023-05-15T20:24:29.424+00:00 [Info] memstats {"Alloc":2417080, "TotalAlloc":3280856, "Sys":72284408, "Lookups":0, "Mallocs":8566,"Frees":5623, "HeapAlloc":2417080, "HeapSys":66289664, "HeapIdle":62701568, "HeapInuse":3588096,"HeapReleased":62627840, "HeapObjects":2943,"GCSys":2371584, "LastGC":1684182189515331219,"PauseTotalNs":12709802, "PauseNs":[], "NumGC":31}
2023-05-15T20:25:29.424+00:00 [Info] memstats {"Alloc":2414488, "TotalAlloc":3282896, "Sys":72284408, "Lookups":0, "Mallocs":8592,"Frees":5671, "HeapAlloc":2414488, "HeapSys":66289664, "HeapIdle":62717952, "HeapInuse":3571712,"HeapReleased":62513152, "HeapObjects":2921,"GCSys":2371584, "LastGC":1684182309529740289,"PauseTotalNs":14297490, "PauseNs":[1587688], "NumGC":32}
2023-05-15T20:26:29.424+00:00 [Info] memstats {"Alloc":2417080, "TotalAlloc":3285488, "Sys":72284408, "Lookups":0, "Mallocs":8622,"Frees":5679, "HeapAlloc":2417080, "HeapSys":66289664, "HeapIdle":62701568, "HeapInuse":3588096,"HeapReleased":62513152, "HeapObjects":2943,"GCSys":2371584, "LastGC":1684182309529740289,"PauseTotalNs":14297490, "PauseNs":[], "NumGC":32}
2023-05-15T20:27:29.423+00:00 [Info] memstats {"Alloc":2414488, "TotalAlloc":3287528, "Sys":72284408, "Lookups":0, "Mallocs":8648,"Frees":5727, "HeapAlloc":2414488, "HeapSys":66289664, "HeapIdle":62717952, "HeapInuse":3571712,"HeapReleased":62513152, "HeapObjects":2921,"GCSys":2371584, "LastGC":1684182429627766342,"PauseTotalNs":14797949, "PauseNs":[500459], "NumGC":33}
2023-05-15T20:28:29.422+00:00 [Info] memstats {"Alloc":2417080, "TotalAlloc":3290120, "Sys":72284408, "Lookups":0, "Mallocs":8678,"Frees":5735, "HeapAlloc":2417080, "HeapSys":66289664, "HeapIdle":62701568, "HeapInuse":3588096,"HeapReleased":62513152, "HeapObjects":2943,"GCSys":2371584, "LastGC":1684182429627766342,"PauseTotalNs":14797949, "PauseNs":[], "NumGC":33}
2023-05-15T20:29:29.422+00:00 [Info] memstats {"Alloc":2414488, "TotalAlloc":3292160, "Sys":72284408, "Lookups":0, "Mallocs":8704,"Frees":5783, "HeapAlloc":2414488, "HeapSys":66289664, "HeapIdle":62717952, "HeapInuse":3571712,"HeapReleased":62513152, "HeapObjects":2921,"GCSys":2371584, "LastGC":1684182549628312175,"PauseTotalNs":15022449, "PauseNs":[224500], "NumGC":34}
2023-05-15T20:30:29.421+00:00 [Info] memstats {"Alloc":2417080, "TotalAlloc":3294752, "Sys":72284408, "Lookups":0, "Mallocs":8734,"Frees":5791, "HeapAlloc":2417080, "HeapSys":66289664, "HeapIdle":62701568, "HeapInuse":3588096,"HeapReleased":62513152, "HeapObjects":2943,"GCSys":2371584, "LastGC":1684182549628312175,"PauseTotalNs":15022449, "PauseNs":[], "NumGC":34}
2023-05-15T20:31:29.422+00:00 [Info] memstats {"Alloc":2414488, "TotalAlloc":3296792, "Sys":72284408, "Lookups":0, "Mallocs":8760,"Frees":5839, "HeapAlloc":2414488, "HeapSys":66289664, "HeapIdle":62717952, "HeapInuse":3571712,"HeapReleased":62513152, "HeapObjects":2921,"GCSys":2371584, "LastGC":1684182669620147106,"PauseTotalNs":15299809, "PauseNs":[277360], "NumGC":35}
2023-05-15T20:32:29.424+00:00 [Info] memstats {"Alloc":2417080, "TotalAlloc":3299384, "Sys":72284408, "Lookups":0, "Mallocs":8790,"Frees":5847, "HeapAlloc":2417080, "HeapSys":66289664, "HeapIdle":62701568, "HeapInuse":3588096,"HeapReleased":62513152, "HeapObjects":2943,"GCSys":2371584, "LastGC":1684182669620147106,"PauseTotalNs":15299809, "PauseNs":[], "NumGC":35}
2023-05-15T20:33:29.412+00:00 [Info] memstats {"Alloc":2414488, "TotalAlloc":3300272, "Sys":72284408, "Lookups":0, "Mallocs":8811,"Frees":5890, "HeapAlloc":2414488, "HeapSys":66289664, "HeapIdle":62717952, "HeapInuse":3571712,"HeapReleased":62578688, "HeapObjects":2921,"GCSys":2371584, "LastGC":1684182789642184358,"PauseTotalNs":15566774, "PauseNs":[266965], "NumGC":36}
2023-05-15T20:34:29.410+00:00 [Info] memstats {"Alloc":2417080, "TotalAlloc":3302864, "Sys":72284408, "Lookups":0, "Mallocs":8841,"Frees":5898, "HeapAlloc":2417080, "HeapSys":66289664, "HeapIdle":62701568, "HeapInuse":3588096,"HeapReleased":62578688, "HeapObjects":2943,"GCSys":2371584, "LastGC":1684182789642184358,"PauseTotalNs":15566774, "PauseNs":[], "NumGC":36}
2023-05-15T20:35:29.409+00:00 [Info] memstats {"Alloc":2414488, "TotalAlloc":3303752, "Sys":72284408, "Lookups":0, "Mallocs":8862,"Frees":5941, "HeapAlloc":2414488, "HeapSys":66289664, "HeapIdle":62717952, "HeapInuse":3571712,"HeapReleased":62578688, "HeapObjects":2921,"GCSys":2371584, "LastGC":1684182909628997443,"PauseTotalNs":15935560, "PauseNs":[368786], "NumGC":37}
2023-05-15T20:36:29.408+00:00 [Info] memstats {"Alloc":2417080, "TotalAlloc":3306344, "Sys":72284408, "Lookups":0, "Mallocs":8892,"Frees":5949, "HeapAlloc":2417080, "HeapSys":66289664, "HeapIdle":62701568, "HeapInuse":3588096,"HeapReleased":62578688, "HeapObjects":2943,"GCSys":2371584, "LastGC":1684182909628997443,"PauseTotalNs":15935560, "PauseNs":[], "NumGC":37}
2023-05-15T20:37:29.408+00:00 [Info] memstats {"Alloc":2414584, "TotalAlloc":3308496, "Sys":72284408, "Lookups":0, "Mallocs":8920,"Frees":5998, "HeapAlloc":2414584, "HeapSys":66289664, "HeapIdle":62717952, "HeapInuse":3571712,"HeapReleased":62578688, "HeapObjects":2922,"GCSys":2371584, "LastGC":1684183029631222586,"PauseTotalNs":16243500, "PauseNs":[307940], "NumGC":38}
2023-05-15T20:38:29.408+00:00 [Info] memstats {"Alloc":2417272, "TotalAlloc":3311184, "Sys":72284408, "Lookups":0, "Mallocs":8951,"Frees":6006, "HeapAlloc":2417272, "HeapSys":66289664, "HeapIdle":62701568, "HeapInuse":3588096,"HeapReleased":62578688, "HeapObjects":2945,"GCSys":2371584, "LastGC":1684183029631222586,"PauseTotalNs":16243500, "PauseNs":[], "NumGC":38}
2023-05-15T20:39:29.407+00:00 [Info] memstats {"Alloc":2414680, "TotalAlloc":3313224, "Sys":72284408, "Lookups":0, "Mallocs":8977,"Frees":6054, "HeapAlloc":2414680, "HeapSys":66289664, "HeapIdle":62717952, "HeapInuse":3571712,"HeapReleased":62578688, "HeapObjects":2923,"GCSys":2371584, "LastGC":1684183149636848362,"PauseTotalNs":16709453, "PauseNs":[465953], "NumGC":39}
2023-05-15T20:40:29.407+00:00 [Info] memstats {"Alloc":2417272, "TotalAlloc":3315816, "Sys":72284408, "Lookups":0, "Mallocs":9007,"Frees":6062, "HeapAlloc":2417272, "HeapSys":66289664, "HeapIdle":62701568, "HeapInuse":3588096,"HeapReleased":62668800, "HeapObjects":2945,"GCSys":2371584, "LastGC":1684183149636848362,"PauseTotalNs":16709453, "PauseNs":[], "NumGC":39}
2023-05-15T20:41:29.408+00:00 [Info] memstats {"Alloc":2414680, "TotalAlloc":3317856, "Sys":72284408, "Lookups":0, "Mallocs":9033,"Frees":6110, "HeapAlloc":2414680, "HeapSys":66289664, "HeapIdle":62717952, "HeapInuse":3571712,"HeapReleased":62627840, "HeapObjects":2923,"GCSys":2371584, "LastGC":1684183269644973210,"PauseTotalNs":17127878, "PauseNs":[418425], "NumGC":40}
2023-05-15T20:42:29.408+00:00 [Info] memstats {"Alloc":2417272, "TotalAlloc":3320448, "Sys":72284408, "Lookups":0, "Mallocs":9063,"Frees":6118, "HeapAlloc":2417272, "HeapSys":66289664, "HeapIdle":62701568, "HeapInuse":3588096,"HeapReleased":62627840, "HeapObjects":2945,"GCSys":2371584, "LastGC":1684183269644973210,"PauseTotalNs":17127878, "PauseNs":[], "NumGC":40}
2023-05-15T20:43:29.407+00:00 [Info] memstats {"Alloc":2414776, "TotalAlloc":3321432, "Sys":72284408, "Lookups":0, "Mallocs":9085,"Frees":6161, "HeapAlloc":2414776, "HeapSys":66289664, "HeapIdle":62717952, "HeapInuse":3571712,"HeapReleased":62513152, "HeapObjects":2924,"GCSys":2371584, "LastGC":1684183399608912109,"PauseTotalNs":17635973, "PauseNs":[508095], "NumGC":41}
2023-05-15T20:44:29.406+00:00 [Info] memstats {"Alloc":2417368, "TotalAlloc":3324024, "Sys":72284408, "Lookups":0, "Mallocs":9115,"Frees":6169, "HeapAlloc":2417368, "HeapSys":66289664, "HeapIdle":62701568, "HeapInuse":3588096,"HeapReleased":62513152, "HeapObjects":2946,"GCSys":2371584, "LastGC":1684183399608912109,"PauseTotalNs":17635973, "PauseNs":[], "NumGC":41}
2023-05-15T20:45:29.404+00:00 [Info] memstats {"Alloc":2414776, "TotalAlloc":3324912, "Sys":72284408, "Lookups":0, "Mallocs":9136,"Frees":6212, "HeapAlloc":2414776, "HeapSys":66289664, "HeapIdle":62717952, "HeapInuse":3571712,"HeapReleased":62513152, "HeapObjects":2924,"GCSys":2371584, "LastGC":1684183519686377445,"PauseTotalNs":55847857, "PauseNs":[38211884], "NumGC":42}
2023-05-15T20:46:29.405+00:00 [Info] memstats {"Alloc":2417368, "TotalAlloc":3327504, "Sys":72284408, "Lookups":0, "Mallocs":9166,"Frees":6220, "HeapAlloc":2417368, "HeapSys":66289664, "HeapIdle":62701568, "HeapInuse":3588096,"HeapReleased":62513152, "HeapObjects":2946,"GCSys":2371584, "LastGC":1684183519686377445,"PauseTotalNs":55847857, "PauseNs":[], "NumGC":42}
2023-05-15T20:47:29.406+00:00 [Info] memstats {"Alloc":2414768, "TotalAlloc":3329544, "Sys":72284408, "Lookups":0, "Mallocs":9192,"Frees":6269, "HeapAlloc":2414768, "HeapSys":66289664, "HeapIdle":62717952, "HeapInuse":3571712,"HeapReleased":62513152, "HeapObjects":2923,"GCSys":2371584, "LastGC":1684183649393200419,"PauseTotalNs":56481898, "PauseNs":[634041], "NumGC":43}
2023-05-15T20:48:29.404+00:00 [Info] memstats {"Alloc":2417360, "TotalAlloc":3332136, "Sys":72284408, "Lookups":0, "Mallocs":9222,"Frees":6277, "HeapAlloc":2417360, "HeapSys":66289664, "HeapIdle":62701568, "HeapInuse":3588096,"HeapReleased":62513152, "HeapObjects":2945,"GCSys":2371584, "LastGC":1684183649393200419,"PauseTotalNs":56481898, "PauseNs":[], "NumGC":43}
2023-05-15T20:49:29.404+00:00 [Info] memstats {"Alloc":2419496, "TotalAlloc":3334272, "Sys":72284408, "Lookups":0, "Mallocs":9249,"Frees":6285, "HeapAlloc":2419496, "HeapSys":66289664, "HeapIdle":62701568, "HeapInuse":3588096,"HeapReleased":62513152, "HeapObjects":2964,"GCSys":2371584, "LastGC":1684183649393200419,"PauseTotalNs":56481898, "PauseNs":[], "NumGC":43}
2023-05-15T20:50:29.400+00:00 [Info] memstats {"Alloc":2414872, "TotalAlloc":3336312, "Sys":72284408, "Lookups":0, "Mallocs":9275,"Frees":6350, "HeapAlloc":2414872, "HeapSys":66289664, "HeapIdle":62717952, "HeapInuse":3571712,"HeapReleased":62513152, "HeapObjects":2925,"GCSys":2371584, "LastGC":1684183769416254908,"PauseTotalNs":57070235, "PauseNs":[588337], "NumGC":44}
2023-05-15T20:51:29.401+00:00 [Info] memstats {"Alloc":2417464, "TotalAlloc":3338904, "Sys":72284408, "Lookups":0, "Mallocs":9305,"Frees":6358, "HeapAlloc":2417464, "HeapSys":66289664, "HeapIdle":62701568, "HeapInuse":3588096,"HeapReleased":62513152, "HeapObjects":2947,"GCSys":2371584, "LastGC":1684183769416254908,"PauseTotalNs":57070235, "PauseNs":[], "NumGC":44}
2023-05-15T20:52:29.400+00:00 [Info] memstats {"Alloc":2414872, "TotalAlloc":3340944, "Sys":72284408, "Lookups":0, "Mallocs":9331,"Frees":6406, "HeapAlloc":2414872, "HeapSys":66289664, "HeapIdle":62717952, "HeapInuse":3571712,"HeapReleased":62513152, "HeapObjects":2925,"GCSys":2371584, "LastGC":1684183889550107064,"PauseTotalNs":57399955, "PauseNs":[329720], "NumGC":45}
2023-05-15T20:53:29.399+00:00 [Info] memstats {"Alloc":2417464, "TotalAlloc":3343536, "Sys":72284408, "Lookups":0, "Mallocs":9361,"Frees":6414, "HeapAlloc":2417464, "HeapSys":66289664, "HeapIdle":62701568, "HeapInuse":3588096,"HeapReleased":62513152, "HeapObjects":2947,"GCSys":2371584, "LastGC":1684183889550107064,"PauseTotalNs":57399955, "PauseNs":[], "NumGC":45}
2023-05-15T20:54:29.399+00:00 [Info] memstats {"Alloc":2414872, "TotalAlloc":3345576, "Sys":72284408, "Lookups":0, "Mallocs":9387,"Frees":6462, "HeapAlloc":2414872, "HeapSys":66289664, "HeapIdle":62717952, "HeapInuse":3571712,"HeapReleased":62513152, "HeapObjects":2925,"GCSys":2371584, "LastGC":1684184009670075291,"PauseTotalNs":57588094, "PauseNs":[188139], "NumGC":46}
2023-05-15T20:55:29.399+00:00 [Info] memstats {"Alloc":2417560, "TotalAlloc":3348264, "Sys":72284408, "Lookups":0, "Mallocs":9418,"Frees":6470, "HeapAlloc":2417560, "HeapSys":66289664, "HeapIdle":62701568, "HeapInuse":3588096,"HeapReleased":62578688, "HeapObjects":2948,"GCSys":2371584, "LastGC":1684184009670075291,"PauseTotalNs":57588094, "PauseNs":[], "NumGC":46}
2023-05-15T20:56:29.398+00:00 [Info] memstats {"Alloc":2414968, "TotalAlloc":3349152, "Sys":72284408, "Lookups":0, "Mallocs":9439,"Frees":6513, "HeapAlloc":2414968, "HeapSys":66289664, "HeapIdle":62717952, "HeapInuse":3571712,"HeapReleased":62578688, "HeapObjects":2926,"GCSys":2371584, "LastGC":1684184139554937168,"PauseTotalNs":57981091, "PauseNs":[392997], "NumGC":47}
2023-05-15T20:57:29.398+00:00 [Info] memstats {"Alloc":2417560, "TotalAlloc":3351744, "Sys":72284408, "Lookups":0, "Mallocs":9469,"Frees":6521, "HeapAlloc":2417560, "HeapSys":66289664, "HeapIdle":62701568, "HeapInuse":3588096,"HeapReleased":62578688, "HeapObjects":2948,"GCSys":2371584, "LastGC":1684184139554937168,"PauseTotalNs":57981091, "PauseNs":[], "NumGC":47}
2023-05-15T20:58:29.398+00:00 [Info] memstats {"Alloc":2414968, "TotalAlloc":3353784, "Sys":72284408, "Lookups":0, "Mallocs":9495,"Frees":6569, "HeapAlloc":2414968, "HeapSys":66289664, "HeapIdle":62717952, "HeapInuse":3571712,"HeapReleased":62627840, "HeapObjects":2926,"GCSys":2371584, "LastGC":1684184259558966180,"PauseTotalNs":58163617, "PauseNs":[182526], "NumGC":48}
2023-05-15T20:59:29.398+00:00 [Info] memstats {"Alloc":2417752, "TotalAlloc":3356568, "Sys":72284408, "Lookups":0, "Mallocs":9527,"Frees":6577, "HeapAlloc":2417752, "HeapSys":66289664, "HeapIdle":62701568, "HeapInuse":3588096,"HeapReleased":62627840, "HeapObjects":2950,"GCSys":2371584, "LastGC":1684184259558966180,"PauseTotalNs":58163617, "PauseNs":[], "NumGC":48}
2023-05-15T21:00:29.398+00:00 [Info] memstats {"Alloc":2415160, "TotalAlloc":3358608, "Sys":72284408, "Lookups":0, "Mallocs":9553,"Frees":6625, "HeapAlloc":2415160, "HeapSys":66289664, "HeapIdle":62717952, "HeapInuse":3571712,"HeapReleased":62627840, "HeapObjects":2928,"GCSys":2371584, "LastGC":1684184379603794598,"PauseTotalNs":100666423, "PauseNs":[42502806], "NumGC":49}
2023-05-15T21:01:29.398+00:00 [Info] memstats {"Alloc":2417752, "TotalAlloc":3361200, "Sys":72284408, "Lookups":0, "Mallocs":9583,"Frees":6633, "HeapAlloc":2417752, "HeapSys":66289664, "HeapIdle":62701568, "HeapInuse":3588096,"HeapReleased":62627840, "HeapObjects":2950,"GCSys":2371584, "LastGC":1684184379603794598,"PauseTotalNs":100666423, "PauseNs":[], "NumGC":49}
2023-05-15T21:02:29.397+00:00 [Info] memstats {"Alloc":2415160, "TotalAlloc":3363240, "Sys":72284408, "Lookups":0, "Mallocs":9609,"Frees":6681, "HeapAlloc":2415160, "HeapSys":66289664, "HeapIdle":62717952, "HeapInuse":3571712,"HeapReleased":62627840, "HeapObjects":2928,"GCSys":2371584, "LastGC":1684184499674778821,"PauseTotalNs":101171768, "PauseNs":[505345], "NumGC":50}
2023-05-15T21:03:29.397+00:00 [Info] memstats {"Alloc":2417752, "TotalAlloc":3365832, "Sys":72284408, "Lookups":0, "Mallocs":9639,"Frees":6689, "HeapAlloc":2417752, "HeapSys":66289664, "HeapIdle":62701568, "HeapInuse":3588096,"HeapReleased":62627840, "HeapObjects":2950,"GCSys":2371584, "LastGC":1684184499674778821,"PauseTotalNs":101171768, "PauseNs":[], "NumGC":50}
2023-05-15T21:04:29.397+00:00 [Info] memstats {"Alloc":2415160, "TotalAlloc":3367872, "Sys":72284408, "Lookups":0, "Mallocs":9665,"Frees":6737, "HeapAlloc":2415160, "HeapSys":66289664, "HeapIdle":62717952, "HeapInuse":3571712,"HeapReleased":62627840, "HeapObjects":2928,"GCSys":2371584, "LastGC":1684184619678418157,"PauseTotalNs":101379708, "PauseNs":[207940], "NumGC":51}
2023-05-15T21:05:29.397+00:00 [Info] memstats {"Alloc":2417752, "TotalAlloc":3370464, "Sys":72284408, "Lookups":0, "Mallocs":9695,"Frees":6745, "HeapAlloc":2417752, "HeapSys":66289664, "HeapIdle":62701568, "HeapInuse":3588096,"HeapReleased":62627840, "HeapObjects":2950,"GCSys":2371584, "LastGC":1684184619678418157,"PauseTotalNs":101379708, "PauseNs":[], "NumGC":51}
2023-05-15T21:06:29.398+00:00 [Info] memstats {"Alloc":2415352, "TotalAlloc":3372696, "Sys":72284408, "Lookups":0, "Mallocs":9723,"Frees":6793, "HeapAlloc":2415352, "HeapSys":66289664, "HeapIdle":62717952, "HeapInuse":3571712,"HeapReleased":62627840, "HeapObjects":2930,"GCSys":2371584, "LastGC":1684184739681800973,"PauseTotalNs":102120577, "PauseNs":[740869], "NumGC":52}
2023-05-15T21:07:29.397+00:00 [Info] memstats {"Alloc":2417944, "TotalAlloc":3375288, "Sys":72284408, "Lookups":0, "Mallocs":9753,"Frees":6801, "HeapAlloc":2417944, "HeapSys":66289664, "HeapIdle":62701568, "HeapInuse":3588096,"HeapReleased":62627840, "HeapObjects":2952,"GCSys":2371584, "LastGC":1684184739681800973,"PauseTotalNs":102120577, "PauseNs":[], "NumGC":52}
2023-05-24T12:22:20.688+00:00 [Info] Projector started with command line: [/opt/couchbase/bin/projector --httpsPort=9999 --certFile=/opt/couchbase/var/lib/couchbase/config/memcached-cert.pem --keyFile=/opt/couchbase/var/lib/couchbase/config/memcached-key.pem -kvaddrs=127.0.0.1:11210 -adminport=:9999 -diagDir=/opt/couchbase/var/lib/couchbase/crash -ipv6=false 127.0.0.1:8091]
2023-05-24T12:22:20.688+00:00 [Info] Parsing the args
2023-05-24T12:22:20.689+00:00 [Info] uid: 1000; gid: 1000; hostname: a1caf592b231
2023-05-24T12:22:20.689+00:00 [Info] amd64 linux; cpus: 12; GOMAXPROCS: 12; version: go1.11.6
2023-05-24T12:22:20.878+00:00 [Info] StatsManager: Stats logging interval set to: 60 seconds
2023-05-24T12:22:20.878+00:00 [Info] StatsManager: vbseqnos logging interval set to: 300 seconds
2023-05-24T12:22:20.878+00:00 [Info] StatsManager: eval stats logging interval set to: 300 seconds
2023-05-24T12:22:20.878+00:00 [Info] Projector CPU set at 400
2023-05-24T12:22:20.878+00:00 [Info]  changing GOGC percentage from 100 to 100
2023-05-24T12:22:20.878+00:00 [Info]  memcachedTimeout set to 120
2023-05-24T12:22:20.878+00:00 [Info] amd64 linux; cpus: 12; GOMAXPROCS: 4; version: go1.11.6
2023-05-24T12:22:21.650+00:00 [Info] Recieve security change notification. code 3
2023-05-24T12:22:21.651+00:00 [Info] TLS config refreshed successfully
2023-05-24T12:22:21.656+00:00 [Info] Certificate refreshed successfully
2023-05-24T12:22:21.656+00:00 [Info] Encryption config refresh successfully.   Encryption enabled=false
2023-05-24T12:22:21.656+00:00 [Info] security context:  encryptLocalHost true Local IP's: map[127.0.0.1:true 172.21.0.2:true]
2023-05-24T12:22:21.663+00:00 [Info] security context initialized
2023-05-24T12:22:21.663+00:00 [Info] security port mapping updated : map[11210:11207 8093:18093 9103:9103 9104:9104 9100:9100 9101:9101 9102:19102 9105:9105 9999:9999]
2023-05-24T12:22:21.663+00:00 [Info] PROJ[:9999] changing GOGC percentage from 100 to 100
2023-05-24T12:22:21.663+00:00 [Info] PROJ[:9999] started ...
2023-05-24T12:22:21.663+00:00 [Info] MSAT starting with 60000 tick ...
2023-05-24T12:22:21.663+00:00 [Info] pram[:9999] registered /adminport/vbmapRequest
2023-05-24T12:22:21.663+00:00 [Info] pram[:9999] registered /adminport/failoverLogRequest
2023-05-24T12:22:21.663+00:00 [Info] pram[:9999] registered /adminport/mutationTopicRequest
2023-05-24T12:22:21.663+00:00 [Info] pram[:9999] registered /adminport/restartVbucketsRequest
2023-05-24T12:22:21.663+00:00 [Info] pram[:9999] registered /adminport/shutdownVbucketsRequest
2023-05-24T12:22:21.663+00:00 [Info] pram[:9999] registered /adminport/addBucketsRequest
2023-05-24T12:22:21.663+00:00 [Info] pram[:9999] registered /adminport/delBucketsRequest
2023-05-24T12:22:21.663+00:00 [Info] pram[:9999] registered /adminport/addInstancesRequest
2023-05-24T12:22:21.663+00:00 [Info] pram[:9999] registered /adminport/delInstancesRequest
2023-05-24T12:22:21.663+00:00 [Info] pram[:9999] registered /adminport/repairEndpointsRequest
2023-05-24T12:22:21.663+00:00 [Info] pram[:9999] registered /adminport/shutdownTopicRequest
2023-05-24T12:22:21.663+00:00 [Info] pram[:9999] registered /adminport/stats
2023-05-24T12:22:21.663+00:00 [Info] pram[:9999] registered handler-func /stats
2023-05-24T12:22:21.663+00:00 [Info] pram[:9999] registered handler-func /settings
2023-05-24T12:22:21.663+00:00 [Info] pram[:9999] registered handler-func /debug/pprof
2023-05-24T12:22:21.663+00:00 [Info] pram[:9999] registered handler-func /debug/pprof/block
2023-05-24T12:22:21.663+00:00 [Info] pram[:9999] registered handler-func /debug/pprof/goroutine
2023-05-24T12:22:21.663+00:00 [Info] pram[:9999] registered handler-func /debug/pprof/heap
2023-05-24T12:22:21.663+00:00 [Info] pram[:9999] registered handler-func /debug/pprof/threadcreate
2023-05-24T12:22:21.663+00:00 [Info] pram[:9999] registered handler-func /debug/pprof/profile
2023-05-24T12:22:21.663+00:00 [Info] pram[:9999] starting ...
2023-05-24T12:22:21.665+00:00 [Info] New settings received: 
{"indexer.settings.compaction.days_of_week":"Sunday,Monday,Tuesday,Wednesday,Thursday,Friday,Saturday","indexer.settings.compaction.interval":"00:00,00:00","indexer.settings.compaction.compaction_mode":"circular","indexer.settings.log_level":"info","indexer.settings.persisted_snapshot.interval":5000,"indexer.settings.compaction.min_frag":30,"indexer.settings.inmemory_snapshot.interval":200,"indexer.settings.max_cpu_percent":0,"indexer.settings.storage_mode":"","indexer.settings.recovery.max_rollbacks":2,"indexer.settings.memory_quota":536870912,"indexer.settings.compaction.abort_exceed_interval":false}
2023-05-24T12:22:21.665+00:00 [Info] PROJ[:9999] settings notifier from metakv
2023-05-24T12:22:21.665+00:00 [Info] PROJ[:9999] settings indexer.settings.storage_mode will updated to ``
2023-05-24T12:22:21.665+00:00 [Warn] PROJ[:9999] immutable settings queryport.client.settings.poolOverflow cannot be update to `30`
2023-05-24T12:22:21.665+00:00 [Info] PROJ[:9999] settings queryport.client.settings.backfillLimit will updated to `5120`
2023-05-24T12:22:21.665+00:00 [Info] PROJ[:9999] settings indexer.settings.compaction.compaction_mode will updated to `circular`
2023-05-24T12:22:21.665+00:00 [Info] PROJ[:9999] settings indexer.settings.compaction.abort_exceed_interval will updated to `false`
2023-05-24T12:22:21.665+00:00 [Info] PROJ[:9999] settings indexer.settings.compaction.plasma.optional.min_frag will updated to `20`
2023-05-24T12:22:21.665+00:00 [Info] PROJ[:9999] settings indexer.settings.storage_mode.disable_upgrade will updated to `false`
2023-05-24T12:22:21.665+00:00 [Info] PROJ[:9999] settings indexer.settings.memProfile will updated to `false`
2023-05-24T12:22:21.665+00:00 [Warn] PROJ[:9999] immutable settings indexer.settings.scan_timeout cannot be update to `120000`
2023-05-24T12:22:21.665+00:00 [Info] PROJ[:9999] settings indexer.settings.smallSnapshotThreshold will updated to `30`
2023-05-24T12:22:21.665+00:00 [Warn] PROJ[:9999] immutable settings queryport.client.settings.minPoolSizeWM cannot be update to `1000`
2023-05-24T12:22:21.665+00:00 [Info] PROJ[:9999] settings indexer.settings.inmemory_snapshot.moi.interval will updated to `10`
2023-05-24T12:22:21.665+00:00 [Info] PROJ[:9999] settings indexer.settings.inmemory_snapshot.fdb.interval will updated to `200`
2023-05-24T12:22:21.665+00:00 [Info] PROJ[:9999] settings indexer.settings.num_replica will updated to `0`
2023-05-24T12:22:21.665+00:00 [Warn] PROJ[:9999] immutable settings queryport.client.settings.poolSize cannot be update to `5000`
2023-05-24T12:22:21.665+00:00 [Info] PROJ[:9999] settings indexer.settings.maxVbQueueLength will updated to `0`
2023-05-24T12:22:21.665+00:00 [Info] PROJ[:9999] settings indexer.settings.compaction.days_of_week will updated to `Sunday,Monday,Tuesday,Wednesday,Thursday,Friday,Saturday`
2023-05-24T12:22:21.665+00:00 [Info] PROJ[:9999] settings indexer.settings.memory_quota will updated to `536870912`
2023-05-24T12:22:21.665+00:00 [Warn] PROJ[:9999] immutable settings indexer.settings.send_buffer_size cannot be update to `1024`
2023-05-24T12:22:21.665+00:00 [Info] PROJ[:9999] settings indexer.settings.scan_getseqnos_retries will updated to `30`
2023-05-24T12:22:21.665+00:00 [Info] PROJ[:9999] settings indexer.settings.bufferPoolBlockSize will updated to `16384`
2023-05-24T12:22:21.665+00:00 [Info] PROJ[:9999] settings indexer.settings.compaction.plasma.manual will updated to `false`
2023-05-24T12:22:21.665+00:00 [Info] PROJ[:9999] settings indexer.settings.max_writer_lock_prob will updated to `20`
2023-05-24T12:22:21.665+00:00 [Info] PROJ[:9999] settings indexer.settings.compaction.min_frag will updated to `30`
2023-05-24T12:22:21.665+00:00 [Info] PROJ[:9999] settings indexer.settings.moi.recovery_threads will updated to `12`
2023-05-24T12:22:21.665+00:00 [Info] PROJ[:9999] settings indexer.settings.log_level will updated to `info`
2023-05-24T12:22:21.665+00:00 [Info] PROJ[:9999] settings indexer.settings.largeSnapshotThreshold will updated to `200`
2023-05-24T12:22:21.665+00:00 [Info] PROJ[:9999] settings indexer.settings.compaction.interval will updated to `00:00,00:00`
2023-05-24T12:22:21.665+00:00 [Info] PROJ[:9999] settings indexer.settings.persisted_snapshot_init_build.moi.interval will updated to `600000`
2023-05-24T12:22:21.665+00:00 [Info] PROJ[:9999] settings indexer.settings.compaction.check_period will updated to `30`
2023-05-24T12:22:21.665+00:00 [Info] PROJ[:9999] settings indexer.settings.memProfFname will updated to ``
2023-05-24T12:22:21.665+00:00 [Info] PROJ[:9999] settings indexer.settings.sliceBufSize will updated to `50000`
2023-05-24T12:22:21.665+00:00 [Info] PROJ[:9999] settings indexer.settings.allow_large_keys will updated to `true`
2023-05-24T12:22:21.665+00:00 [Info] PROJ[:9999] settings indexer.settings.compaction.plasma.optional.quota will updated to `25`
2023-05-24T12:22:21.665+00:00 [Info] PROJ[:9999] settings indexer.settings.persisted_snapshot.interval will updated to `5000`
2023-05-24T12:22:21.665+00:00 [Info] PROJ[:9999] settings indexer.settings.build.batch_size will updated to `5`
2023-05-24T12:22:21.665+00:00 [Info] PROJ[:9999] settings indexer.settings.moi.persistence_threads will updated to `6`
2023-05-24T12:22:21.665+00:00 [Warn] PROJ[:9999] immutable settings queryport.client.settings.relConnBatchSize cannot be update to `100`
2023-05-24T12:22:21.665+00:00 [Info] PROJ[:9999] settings indexer.settings.plasma.recovery.max_rollbacks will updated to `2`
2023-05-24T12:22:21.665+00:00 [Info] PROJ[:9999] settings indexer.settings.compaction.plasma.optional.decrement will updated to `5`
2023-05-24T12:22:21.665+00:00 [Info] PROJ[:9999] settings indexer.settings.enable_corrupt_index_backup will updated to `false`
2023-05-24T12:22:21.665+00:00 [Info] PROJ[:9999] settings indexer.settings.persisted_snapshot.fdb.interval will updated to `5000`
2023-05-24T12:22:21.665+00:00 [Info] PROJ[:9999] settings indexer.settings.persisted_snapshot_init_build.fdb.interval will updated to `5000`
2023-05-24T12:22:21.665+00:00 [Info] PROJ[:9999] settings indexer.settings.wal_size will updated to `4096`
2023-05-24T12:22:21.665+00:00 [Info] PROJ[:9999] settings indexer.settings.max_seckey_size will updated to `4608`
2023-05-24T12:22:21.665+00:00 [Info] PROJ[:9999] settings indexer.settings.inmemory_snapshot.interval will updated to `200`
2023-05-24T12:22:21.665+00:00 [Info] PROJ[:9999] settings indexer.settings.statsLogDumpInterval will updated to `60`
2023-05-24T12:22:21.665+00:00 [Info] PROJ[:9999] settings indexer.settings.cpuProfFname will updated to ``
2023-05-24T12:22:21.665+00:00 [Info] PROJ[:9999] settings indexer.settings.moi.recovery.max_rollbacks will updated to `2`
2023-05-24T12:22:21.665+00:00 [Info] PROJ[:9999] settings indexer.settings.max_array_seckey_size will updated to `10240`
2023-05-24T12:22:21.665+00:00 [Info] PROJ[:9999] settings indexer.settings.compaction.min_size will updated to `524288000`
2023-05-24T12:22:21.665+00:00 [Info] PROJ[:9999] settings indexer.settings.persisted_snapshot_init_build.interval will updated to `5000`
2023-05-24T12:22:21.665+00:00 [Info] PROJ[:9999] settings indexer.settings.gc_percent will updated to `100`
2023-05-24T12:22:21.665+00:00 [Info] PROJ[:9999] settings indexer.settings.minVbQueueLength will updated to `250`
2023-05-24T12:22:21.665+00:00 [Info] PROJ[:9999] settings indexer.settings.persisted_snapshot.moi.interval will updated to `600000`
2023-05-24T12:22:21.665+00:00 [Info] PROJ[:9999] settings indexer.settings.recovery.max_rollbacks will updated to `2`
2023-05-24T12:22:21.665+00:00 [Info] PROJ[:9999] settings indexer.settings.moi.debug will updated to `false`
2023-05-24T12:22:21.665+00:00 [Info] PROJ[:9999] settings indexer.settings.fast_flush_mode will updated to `true`
2023-05-24T12:22:21.665+00:00 [Info] PROJ[:9999] settings indexer.settings.corrupt_index_num_backups will updated to `1`
2023-05-24T12:22:21.665+00:00 [Info] PROJ[:9999] settings projector.settings.log_level will updated to `info`
2023-05-24T12:22:21.665+00:00 [Info] PROJ[:9999] settings indexer.settings.cpuProfile will updated to `false`
2023-05-24T12:22:21.665+00:00 [Info] PROJ[:9999] settings indexer.settings.max_cpu_percent will updated to `0`
2023-05-24T12:22:21.665+00:00 [Info] amd64 linux; cpus: 12; GOMAXPROCS: 4; version: go1.11.6
2023-05-24T12:23:24.524+00:00 [Info] memstats {"Alloc":2711520, "TotalAlloc":3166776, "Sys":72481016, "Lookups":0, "Mallocs":6932,"Frees":2153, "HeapAlloc":2711520, "HeapSys":66256896, "HeapIdle":62038016, "HeapInuse":4218880,"HeapReleased":0, "HeapObjects":4779,"GCSys":2338816, "LastGC":1684930941651238616,"PauseTotalNs":137963, "PauseNs":[137963], "NumGC":1}
2023-05-24T12:24:24.524+00:00 [Info] memstats {"Alloc":2713288, "TotalAlloc":3168544, "Sys":72481016, "Lookups":0, "Mallocs":6957,"Frees":2161, "HeapAlloc":2713288, "HeapSys":66256896, "HeapIdle":62038016, "HeapInuse":4218880,"HeapReleased":0, "HeapObjects":4796,"GCSys":2338816, "LastGC":1684930941651238616,"PauseTotalNs":137963, "PauseNs":[], "NumGC":1}
2023-05-24T12:25:24.524+00:00 [Info] memstats {"Alloc":2410984, "TotalAlloc":3170392, "Sys":72546552, "Lookups":0, "Mallocs":6979,"Frees":4071, "HeapAlloc":2410984, "HeapSys":66322432, "HeapIdle":62545920, "HeapInuse":3776512,"HeapReleased":0, "HeapObjects":2908,"GCSys":2371584, "LastGC":1684931064528353499,"PauseTotalNs":326166, "PauseNs":[188203], "NumGC":2}
2023-05-24T12:26:24.524+00:00 [Info] memstats {"Alloc":2413560, "TotalAlloc":3172968, "Sys":72546552, "Lookups":0, "Mallocs":7008,"Frees":4079, "HeapAlloc":2413560, "HeapSys":66322432, "HeapIdle":62529536, "HeapInuse":3792896,"HeapReleased":0, "HeapObjects":2929,"GCSys":2371584, "LastGC":1684931064528353499,"PauseTotalNs":326166, "PauseNs":[], "NumGC":2}
2023-05-27T08:32:48.662+00:00 [Info] Projector started with command line: [/opt/couchbase/bin/projector --httpsPort=9999 --certFile=/opt/couchbase/var/lib/couchbase/config/memcached-cert.pem --keyFile=/opt/couchbase/var/lib/couchbase/config/memcached-key.pem -kvaddrs=127.0.0.1:11210 -adminport=:9999 -diagDir=/opt/couchbase/var/lib/couchbase/crash -ipv6=false 127.0.0.1:8091]
2023-05-27T08:32:48.662+00:00 [Info] Parsing the args
2023-05-27T08:32:48.662+00:00 [Info] uid: 1000; gid: 1000; hostname: fc1aaf50146d
2023-05-27T08:32:48.662+00:00 [Info] amd64 linux; cpus: 12; GOMAXPROCS: 12; version: go1.11.6
2023-05-27T08:32:48.792+00:00 [Info] StatsManager: Stats logging interval set to: 60 seconds
2023-05-27T08:32:48.792+00:00 [Info] StatsManager: vbseqnos logging interval set to: 300 seconds
2023-05-27T08:32:48.792+00:00 [Info] StatsManager: eval stats logging interval set to: 300 seconds
2023-05-27T08:32:48.793+00:00 [Info] Projector CPU set at 400
2023-05-27T08:32:48.793+00:00 [Info]  changing GOGC percentage from 100 to 100
2023-05-27T08:32:48.794+00:00 [Info]  memcachedTimeout set to 120
2023-05-27T08:32:48.794+00:00 [Info] amd64 linux; cpus: 12; GOMAXPROCS: 4; version: go1.11.6
2023-05-27T08:32:49.628+00:00 [Info] Recieve security change notification. code 3
2023-05-27T08:32:49.628+00:00 [Info] TLS config refreshed successfully
2023-05-27T08:32:49.632+00:00 [Info] Certificate refreshed successfully
2023-05-27T08:32:49.632+00:00 [Info] Encryption config refresh successfully.   Encryption enabled=false
2023-05-27T08:32:49.632+00:00 [Info] security context:  encryptLocalHost true Local IP's: map[172.21.0.2:true 127.0.0.1:true]
2023-05-27T08:32:49.638+00:00 [Info] security context initialized
2023-05-27T08:32:49.638+00:00 [Info] security port mapping updated : map[11210:11207 9101:9101 9103:9103 9104:9104 8093:18093 9100:9100 9102:19102 9105:9105 9999:9999]
2023-05-27T08:32:49.638+00:00 [Info] PROJ[:9999] changing GOGC percentage from 100 to 100
2023-05-27T08:32:49.638+00:00 [Info] PROJ[:9999] started ...
2023-05-27T08:32:49.638+00:00 [Info] MSAT starting with 60000 tick ...
2023-05-27T08:32:49.638+00:00 [Info] pram[:9999] registered /adminport/vbmapRequest
2023-05-27T08:32:49.638+00:00 [Info] pram[:9999] registered /adminport/failoverLogRequest
2023-05-27T08:32:49.638+00:00 [Info] pram[:9999] registered /adminport/mutationTopicRequest
2023-05-27T08:32:49.638+00:00 [Info] pram[:9999] registered /adminport/restartVbucketsRequest
2023-05-27T08:32:49.638+00:00 [Info] pram[:9999] registered /adminport/shutdownVbucketsRequest
2023-05-27T08:32:49.638+00:00 [Info] pram[:9999] registered /adminport/addBucketsRequest
2023-05-27T08:32:49.638+00:00 [Info] pram[:9999] registered /adminport/delBucketsRequest
2023-05-27T08:32:49.638+00:00 [Info] pram[:9999] registered /adminport/addInstancesRequest
2023-05-27T08:32:49.638+00:00 [Info] pram[:9999] registered /adminport/delInstancesRequest
2023-05-27T08:32:49.638+00:00 [Info] pram[:9999] registered /adminport/repairEndpointsRequest
2023-05-27T08:32:49.638+00:00 [Info] pram[:9999] registered /adminport/shutdownTopicRequest
2023-05-27T08:32:49.638+00:00 [Info] pram[:9999] registered /adminport/stats
2023-05-27T08:32:49.638+00:00 [Info] pram[:9999] registered handler-func /stats
2023-05-27T08:32:49.638+00:00 [Info] pram[:9999] registered handler-func /settings
2023-05-27T08:32:49.638+00:00 [Info] pram[:9999] registered handler-func /debug/pprof
2023-05-27T08:32:49.638+00:00 [Info] pram[:9999] registered handler-func /debug/pprof/block
2023-05-27T08:32:49.638+00:00 [Info] pram[:9999] registered handler-func /debug/pprof/goroutine
2023-05-27T08:32:49.638+00:00 [Info] pram[:9999] registered handler-func /debug/pprof/heap
2023-05-27T08:32:49.638+00:00 [Info] pram[:9999] registered handler-func /debug/pprof/threadcreate
2023-05-27T08:32:49.638+00:00 [Info] pram[:9999] registered handler-func /debug/pprof/profile
2023-05-27T08:32:49.639+00:00 [Info] pram[:9999] starting ...
2023-05-27T08:32:49.640+00:00 [Info] New settings received: 
{"indexer.settings.compaction.days_of_week":"Sunday,Monday,Tuesday,Wednesday,Thursday,Friday,Saturday","indexer.settings.compaction.interval":"00:00,00:00","indexer.settings.compaction.compaction_mode":"circular","indexer.settings.log_level":"info","indexer.settings.persisted_snapshot.interval":5000,"indexer.settings.compaction.min_frag":30,"indexer.settings.inmemory_snapshot.interval":200,"indexer.settings.max_cpu_percent":0,"indexer.settings.storage_mode":"","indexer.settings.recovery.max_rollbacks":2,"indexer.settings.memory_quota":536870912,"indexer.settings.compaction.abort_exceed_interval":false}
2023-05-27T08:32:49.640+00:00 [Info] PROJ[:9999] settings notifier from metakv
2023-05-27T08:32:49.640+00:00 [Info] PROJ[:9999] settings indexer.settings.smallSnapshotThreshold will updated to `30`
2023-05-27T08:32:49.640+00:00 [Info] PROJ[:9999] settings indexer.settings.persisted_snapshot_init_build.interval will updated to `5000`
2023-05-27T08:32:49.640+00:00 [Info] PROJ[:9999] settings indexer.settings.compaction.plasma.manual will updated to `false`
2023-05-27T08:32:49.640+00:00 [Info] PROJ[:9999] settings indexer.settings.compaction.min_frag will updated to `30`
2023-05-27T08:32:49.640+00:00 [Info] PROJ[:9999] settings indexer.settings.compaction.min_size will updated to `524288000`
2023-05-27T08:32:49.640+00:00 [Warn] PROJ[:9999] immutable settings queryport.client.settings.minPoolSizeWM cannot be update to `1000`
2023-05-27T08:32:49.640+00:00 [Info] PROJ[:9999] settings indexer.settings.storage_mode.disable_upgrade will updated to `false`
2023-05-27T08:32:49.640+00:00 [Info] PROJ[:9999] settings indexer.settings.compaction.plasma.optional.quota will updated to `25`
2023-05-27T08:32:49.640+00:00 [Info] PROJ[:9999] settings indexer.settings.fast_flush_mode will updated to `true`
2023-05-27T08:32:49.640+00:00 [Info] PROJ[:9999] settings indexer.settings.max_writer_lock_prob will updated to `20`
2023-05-27T08:32:49.640+00:00 [Info] PROJ[:9999] settings indexer.settings.allow_large_keys will updated to `true`
2023-05-27T08:32:49.640+00:00 [Info] PROJ[:9999] settings indexer.settings.moi.recovery_threads will updated to `12`
2023-05-27T08:32:49.640+00:00 [Info] PROJ[:9999] settings indexer.settings.persisted_snapshot.fdb.interval will updated to `5000`
2023-05-27T08:32:49.640+00:00 [Info] PROJ[:9999] settings indexer.settings.compaction.days_of_week will updated to `Sunday,Monday,Tuesday,Wednesday,Thursday,Friday,Saturday`
2023-05-27T08:32:49.640+00:00 [Info] PROJ[:9999] settings indexer.settings.largeSnapshotThreshold will updated to `200`
2023-05-27T08:32:49.640+00:00 [Info] PROJ[:9999] settings queryport.client.settings.backfillLimit will updated to `5120`
2023-05-27T08:32:49.640+00:00 [Info] PROJ[:9999] settings indexer.settings.build.batch_size will updated to `5`
2023-05-27T08:32:49.640+00:00 [Info] PROJ[:9999] settings indexer.settings.max_seckey_size will updated to `4608`
2023-05-27T08:32:49.640+00:00 [Info] PROJ[:9999] settings projector.settings.log_level will updated to `info`
2023-05-27T08:32:49.640+00:00 [Info] PROJ[:9999] settings indexer.settings.sliceBufSize will updated to `50000`
2023-05-27T08:32:49.640+00:00 [Info] PROJ[:9999] settings indexer.settings.compaction.check_period will updated to `30`
2023-05-27T08:32:49.640+00:00 [Info] PROJ[:9999] settings indexer.settings.plasma.recovery.max_rollbacks will updated to `2`
2023-05-27T08:32:49.640+00:00 [Info] PROJ[:9999] settings indexer.settings.inmemory_snapshot.fdb.interval will updated to `200`
2023-05-27T08:32:49.640+00:00 [Warn] PROJ[:9999] immutable settings queryport.client.settings.poolOverflow cannot be update to `30`
2023-05-27T08:32:49.640+00:00 [Info] PROJ[:9999] settings indexer.settings.compaction.plasma.optional.min_frag will updated to `20`
2023-05-27T08:32:49.640+00:00 [Info] PROJ[:9999] settings indexer.settings.inmemory_snapshot.interval will updated to `200`
2023-05-27T08:32:49.640+00:00 [Warn] PROJ[:9999] immutable settings queryport.client.settings.poolSize cannot be update to `5000`
2023-05-27T08:32:49.640+00:00 [Info] PROJ[:9999] settings indexer.settings.compaction.plasma.optional.decrement will updated to `5`
2023-05-27T08:32:49.640+00:00 [Info] PROJ[:9999] settings indexer.settings.compaction.abort_exceed_interval will updated to `false`
2023-05-27T08:32:49.640+00:00 [Info] PROJ[:9999] settings indexer.settings.moi.debug will updated to `false`
2023-05-27T08:32:49.640+00:00 [Warn] PROJ[:9999] immutable settings indexer.settings.send_buffer_size cannot be update to `1024`
2023-05-27T08:32:49.640+00:00 [Info] PROJ[:9999] settings indexer.settings.persisted_snapshot_init_build.moi.interval will updated to `600000`
2023-05-27T08:32:49.640+00:00 [Info] PROJ[:9999] settings indexer.settings.memory_quota will updated to `536870912`
2023-05-27T08:32:49.640+00:00 [Info] PROJ[:9999] settings indexer.settings.statsLogDumpInterval will updated to `60`
2023-05-27T08:32:49.640+00:00 [Info] PROJ[:9999] settings indexer.settings.cpuProfFname will updated to ``
2023-05-27T08:32:49.640+00:00 [Info] PROJ[:9999] settings indexer.settings.moi.recovery.max_rollbacks will updated to `2`
2023-05-27T08:32:49.640+00:00 [Info] PROJ[:9999] settings indexer.settings.log_level will updated to `info`
2023-05-27T08:32:49.640+00:00 [Info] PROJ[:9999] settings indexer.settings.compaction.interval will updated to `00:00,00:00`
2023-05-27T08:32:49.640+00:00 [Info] PROJ[:9999] settings indexer.settings.memProfile will updated to `false`
2023-05-27T08:32:49.640+00:00 [Info] PROJ[:9999] settings indexer.settings.memProfFname will updated to ``
2023-05-27T08:32:49.640+00:00 [Info] PROJ[:9999] settings indexer.settings.moi.persistence_threads will updated to `6`
2023-05-27T08:32:49.640+00:00 [Info] PROJ[:9999] settings indexer.settings.minVbQueueLength will updated to `250`
2023-05-27T08:32:49.640+00:00 [Info] PROJ[:9999] settings indexer.settings.recovery.max_rollbacks will updated to `2`
2023-05-27T08:32:49.640+00:00 [Info] PROJ[:9999] settings indexer.settings.maxVbQueueLength will updated to `0`
2023-05-27T08:32:49.640+00:00 [Info] PROJ[:9999] settings indexer.settings.persisted_snapshot_init_build.fdb.interval will updated to `5000`
2023-05-27T08:32:49.640+00:00 [Info] PROJ[:9999] settings indexer.settings.compaction.compaction_mode will updated to `circular`
2023-05-27T08:32:49.640+00:00 [Info] PROJ[:9999] settings indexer.settings.bufferPoolBlockSize will updated to `16384`
2023-05-27T08:32:49.640+00:00 [Info] PROJ[:9999] settings indexer.settings.scan_getseqnos_retries will updated to `30`
2023-05-27T08:32:49.640+00:00 [Info] PROJ[:9999] settings indexer.settings.max_array_seckey_size will updated to `10240`
2023-05-27T08:32:49.640+00:00 [Info] PROJ[:9999] settings indexer.settings.storage_mode will updated to ``
2023-05-27T08:32:49.640+00:00 [Info] PROJ[:9999] settings indexer.settings.enable_corrupt_index_backup will updated to `false`
2023-05-27T08:32:49.640+00:00 [Info] PROJ[:9999] settings indexer.settings.corrupt_index_num_backups will updated to `1`
2023-05-27T08:32:49.640+00:00 [Info] PROJ[:9999] settings indexer.settings.wal_size will updated to `4096`
2023-05-27T08:32:49.640+00:00 [Info] PROJ[:9999] settings indexer.settings.max_cpu_percent will updated to `0`
2023-05-27T08:32:49.640+00:00 [Warn] PROJ[:9999] immutable settings indexer.settings.scan_timeout cannot be update to `120000`
2023-05-27T08:32:49.640+00:00 [Warn] PROJ[:9999] immutable settings queryport.client.settings.relConnBatchSize cannot be update to `100`
2023-05-27T08:32:49.640+00:00 [Info] PROJ[:9999] settings indexer.settings.inmemory_snapshot.moi.interval will updated to `10`
2023-05-27T08:32:49.640+00:00 [Info] PROJ[:9999] settings indexer.settings.persisted_snapshot.moi.interval will updated to `600000`
2023-05-27T08:32:49.640+00:00 [Info] PROJ[:9999] settings indexer.settings.cpuProfile will updated to `false`
2023-05-27T08:32:49.640+00:00 [Info] PROJ[:9999] settings indexer.settings.persisted_snapshot.interval will updated to `5000`
2023-05-27T08:32:49.640+00:00 [Info] PROJ[:9999] settings indexer.settings.num_replica will updated to `0`
2023-05-27T08:32:49.640+00:00 [Info] PROJ[:9999] settings indexer.settings.gc_percent will updated to `100`
2023-05-27T08:32:49.640+00:00 [Info] amd64 linux; cpus: 12; GOMAXPROCS: 4; version: go1.11.6
2023-05-27T08:33:49.639+00:00 [Info] memstats {"Alloc":2698936, "TotalAlloc":3158608, "Sys":72218872, "Lookups":0, "Mallocs":6911,"Frees":2162, "HeapAlloc":2698936, "HeapSys":66322432, "HeapIdle":62275584, "HeapInuse":4046848,"HeapReleased":0, "HeapObjects":4749,"GCSys":2306048, "LastGC":1685176369628777206,"PauseTotalNs":168185, "PauseNs":[168185], "NumGC":1}
2023-05-27T08:34:49.639+00:00 [Info] memstats {"Alloc":2700320, "TotalAlloc":3159992, "Sys":72218872, "Lookups":0, "Mallocs":6935,"Frees":2170, "HeapAlloc":2700320, "HeapSys":66322432, "HeapIdle":62275584, "HeapInuse":4046848,"HeapReleased":0, "HeapObjects":4765,"GCSys":2306048, "LastGC":1685176369628777206,"PauseTotalNs":168185, "PauseNs":[], "NumGC":1}
2023-05-27T08:35:49.639+00:00 [Info] memstats {"Alloc":2411344, "TotalAlloc":3162096, "Sys":72284408, "Lookups":0, "Mallocs":6961,"Frees":4050, "HeapAlloc":2411344, "HeapSys":66355200, "HeapIdle":62726144, "HeapInuse":3629056,"HeapReleased":0, "HeapObjects":2911,"GCSys":2371584, "LastGC":1685176489639749012,"PauseTotalNs":273633, "PauseNs":[105448], "NumGC":2}
